phaser.min.js:1 The AudioContext was not allowed to start. It must be resumed (or created) after a user gesture on the page. https://goo.gl/7K7WLu
createAudioContext @ phaser.min.js:1
initialize @ phaser.min.js:1
create @ phaser.min.js:1
initialize @ phaser.min.js:1
(anonymous) @ client.js:566
phaser.min.js:1      Phaser v3.80.1 (WebGL | Web Audio)  https://phaser.io
client.js:28 Player's name brlebtag
client.js:345 registering...!
client.js:224 CMD_REGISTER
client.js:231 CMD_FULL_SERVER_UPDATE
client.js:111 Player: 1, Frame: 2, X: 106, Y: 2
client.js:111 Player: 1, Frame: 3, X: 106, Y: 2
client.js:111 Player: 1, Frame: 4, X: 106, Y: 2
client.js:111 Player: 1, Frame: 5, X: 106, Y: 2
client.js:111 Player: 1, Frame: 6, X: 106, Y: 2
client.js:111 Player: 1, Frame: 7, X: 106, Y: 2
client.js:111 Player: 1, Frame: 8, X: 106, Y: 2
client.js:111 Player: 1, Frame: 9, X: 106, Y: 2
client.js:111 Player: 1, Frame: 10, X: 106, Y: 2
client.js:111 Player: 1, Frame: 11, X: 106, Y: 2
client.js:111 Player: 1, Frame: 12, X: 106, Y: 2
client.js:111 Player: 1, Frame: 13, X: 106, Y: 2
client.js:111 Player: 1, Frame: 14, X: 106, Y: 2
client.js:111 Player: 1, Frame: 15, X: 106, Y: 2
client.js:111 Player: 1, Frame: 16, X: 106, Y: 2
client.js:111 Player: 1, Frame: 17, X: 106, Y: 2
client.js:111 Player: 1, Frame: 18, X: 106, Y: 2
client.js:111 Player: 1, Frame: 19, X: 106, Y: 2
client.js:111 Player: 1, Frame: 20, X: 106, Y: 2
client.js:111 Player: 1, Frame: 21, X: 106, Y: 2
client.js:111 Player: 1, Frame: 22, X: 106, Y: 2
client.js:111 Player: 1, Frame: 23, X: 106, Y: 2
client.js:111 Player: 1, Frame: 24, X: 106, Y: 2
client.js:111 Player: 1, Frame: 25, X: 106, Y: 2
client.js:111 Player: 1, Frame: 26, X: 106, Y: 2
client.js:111 Player: 1, Frame: 27, X: 106, Y: 2
client.js:111 Player: 1, Frame: 28, X: 106, Y: 2
client.js:111 Player: 1, Frame: 29, X: 106, Y: 2
client.js:111 Player: 1, Frame: 30, X: 106, Y: 2
client.js:111 Player: 1, Frame: 31, X: 106, Y: 2
client.js:111 Player: 1, Frame: 32, X: 106, Y: 2
client.js:111 Player: 1, Frame: 33, X: 106, Y: 2
client.js:111 Player: 1, Frame: 34, X: 106, Y: 2
client.js:111 Player: 1, Frame: 35, X: 106, Y: 2
client.js:111 Player: 1, Frame: 36, X: 106, Y: 2
client.js:111 Player: 1, Frame: 37, X: 106, Y: 2
client.js:111 Player: 1, Frame: 38, X: 106, Y: 2
client.js:111 Player: 1, Frame: 39, X: 106, Y: 2
client.js:111 Player: 1, Frame: 40, X: 106, Y: 2
client.js:111 Player: 1, Frame: 41, X: 106, Y: 2
client.js:111 Player: 1, Frame: 42, X: 106, Y: 2
client.js:111 Player: 1, Frame: 43, X: 106, Y: 2
client.js:111 Player: 1, Frame: 44, X: 106, Y: 2
client.js:111 Player: 1, Frame: 45, X: 106, Y: 2
client.js:111 Player: 1, Frame: 46, X: 106, Y: 2
client.js:111 Player: 1, Frame: 47, X: 106, Y: 2
client.js:111 Player: 1, Frame: 48, X: 106, Y: 2
client.js:111 Player: 1, Frame: 49, X: 106, Y: 2
client.js:111 Player: 1, Frame: 50, X: 106, Y: 2
client.js:111 Player: 1, Frame: 51, X: 106, Y: 2
client.js:111 Player: 1, Frame: 52, X: 106, Y: 2
client.js:111 Player: 1, Frame: 53, X: 106, Y: 2
client.js:111 Player: 1, Frame: 54, X: 106, Y: 2
client.js:111 Player: 1, Frame: 55, X: 106, Y: 2
client.js:111 Player: 1, Frame: 56, X: 106, Y: 2
client.js:111 Player: 1, Frame: 57, X: 106, Y: 2
Serializer.js:74 frame sent: 1
Serializer.js:82 frame sent: 2
Serializer.js:82 frame sent: 3
Serializer.js:82 frame sent: 4
Serializer.js:82 frame sent: 5
Serializer.js:82 frame sent: 6
Serializer.js:82 frame sent: 7
Serializer.js:82 frame sent: 8
Serializer.js:82 frame sent: 9
Serializer.js:82 frame sent: 10
Serializer.js:82 frame sent: 11
Serializer.js:82 frame sent: 12
Serializer.js:82 frame sent: 13
Serializer.js:82 frame sent: 14
Serializer.js:82 frame sent: 15
Serializer.js:82 frame sent: 16
Serializer.js:82 frame sent: 17
Serializer.js:82 frame sent: 18
Serializer.js:82 frame sent: 19
Serializer.js:82 frame sent: 20
Serializer.js:82 frame sent: 21
Serializer.js:82 frame sent: 22
Serializer.js:82 frame sent: 23
Serializer.js:82 frame sent: 24
Serializer.js:82 frame sent: 25
Serializer.js:82 frame sent: 26
Serializer.js:82 frame sent: 27
Serializer.js:82 frame sent: 28
Serializer.js:82 frame sent: 29
Serializer.js:82 frame sent: 30
Serializer.js:82 frame sent: 31
Serializer.js:82 frame sent: 32
Serializer.js:82 frame sent: 33
Serializer.js:82 frame sent: 34
Serializer.js:82 frame sent: 35
Serializer.js:82 frame sent: 36
Serializer.js:82 frame sent: 37
Serializer.js:82 frame sent: 38
Serializer.js:82 frame sent: 39
Serializer.js:82 frame sent: 40
Serializer.js:82 frame sent: 41
Serializer.js:82 frame sent: 42
Serializer.js:82 frame sent: 43
Serializer.js:82 frame sent: 44
Serializer.js:82 frame sent: 45
Serializer.js:82 frame sent: 46
Serializer.js:82 frame sent: 47
Serializer.js:82 frame sent: 48
Serializer.js:82 frame sent: 49
Serializer.js:82 frame sent: 50
Serializer.js:82 frame sent: 51
Serializer.js:82 frame sent: 52
Serializer.js:82 frame sent: 53
Serializer.js:82 frame sent: 54
Serializer.js:82 frame sent: 55
Serializer.js:82 frame sent: 56
Serializer.js:7 Uncaught TypeError: Cannot read properties of undefined (reading 'left')
    at cmdToByte (Serializer.js:7:13)
    at CommandSerializer.serialize (Serializer.js:81:35)
    at GameScene.sendClientUpdate (client.js:202:31)
cmdToByte @ Serializer.js:7
serialize @ Serializer.js:81
sendClientUpdate @ client.js:202
setInterval
GameScene @ client.js:39
createSceneFromFunction @ phaser.min.js:1
bootQueue @ phaser.min.js:1
a.emit @ phaser.min.js:1
texturesReady @ phaser.min.js:1
a.emit @ phaser.min.js:1
updatePending @ phaser.min.js:1
a.emit @ phaser.min.js:1
s.onload @ phaser.min.js:1
load
addBase64 @ phaser.min.js:1
boot @ phaser.min.js:1
a.emit @ phaser.min.js:1
boot @ phaser.min.js:1
t.exports @ phaser.min.js:1
initialize @ phaser.min.js:1
(anonymous) @ client.js:566
client.js:111 Player: 1, Frame: 58, X: 106, Y: 2
client.js:111 Player: 1, Frame: 59, X: 106, Y: 2
client.js:111 Player: 1, Frame: 60, X: 106, Y: 2
client.js:460 Player must be at: (106, 2) in frame 0. But server is at 0
client.js:111 Player: 1, Frame: 61, X: 106, Y: 2
client.js:111 Player: 1, Frame: 62, X: 106, Y: 2
client.js:111 Player: 1, Frame: 63, X: 106, Y: 2
client.js:111 Player: 1, Frame: 64, X: 106, Y: 2
client.js:111 Player: 1, Frame: 65, X: 106, Y: 2
client.js:111 Player: 1, Frame: 66, X: 106, Y: 2
client.js:111 Player: 1, Frame: 67, X: 106, Y: 2
client.js:111 Player: 1, Frame: 68, X: 106, Y: 2
client.js:111 Player: 1, Frame: 69, X: 106, Y: 2
client.js:111 Player: 1, Frame: 70, X: 106, Y: 2
client.js:111 Player: 1, Frame: 71, X: 106, Y: 2
client.js:111 Player: 1, Frame: 72, X: 106, Y: 2
client.js:111 Player: 1, Frame: 73, X: 106, Y: 2
client.js:111 Player: 1, Frame: 74, X: 106, Y: 2
client.js:111 Player: 1, Frame: 75, X: 106, Y: 2
client.js:111 Player: 1, Frame: 76, X: 106, Y: 2
client.js:111 Player: 1, Frame: 77, X: 106, Y: 2
client.js:111 Player: 1, Frame: 78, X: 106, Y: 2
client.js:111 Player: 1, Frame: 79, X: 106, Y: 2
client.js:111 Player: 1, Frame: 80, X: 106, Y: 2
client.js:111 Player: 1, Frame: 81, X: 106, Y: 2
client.js:111 Player: 1, Frame: 82, X: 106, Y: 2
client.js:111 Player: 1, Frame: 83, X: 106, Y: 2
client.js:111 Player: 1, Frame: 84, X: 106, Y: 2
client.js:111 Player: 1, Frame: 85, X: 106, Y: 2
client.js:111 Player: 1, Frame: 86, X: 106, Y: 2
client.js:111 Player: 1, Frame: 87, X: 106, Y: 2
client.js:111 Player: 1, Frame: 88, X: 106, Y: 2
client.js:111 Player: 1, Frame: 89, X: 106, Y: 2
client.js:111 Player: 1, Frame: 90, X: 106, Y: 2
client.js:111 Player: 1, Frame: 91, X: 106, Y: 2
client.js:111 Player: 1, Frame: 92, X: 106, Y: 2
client.js:111 Player: 1, Frame: 93, X: 106, Y: 2
client.js:111 Player: 1, Frame: 94, X: 106, Y: 2
client.js:111 Player: 1, Frame: 95, X: 106, Y: 2
client.js:111 Player: 1, Frame: 96, X: 106, Y: 2
client.js:111 Player: 1, Frame: 97, X: 106, Y: 2
client.js:111 Player: 1, Frame: 98, X: 106, Y: 2
client.js:111 Player: 1, Frame: 99, X: 106, Y: 2
client.js:111 Player: 1, Frame: 100, X: 106, Y: 2
client.js:111 Player: 1, Frame: 101, X: 106, Y: 2
client.js:111 Player: 1, Frame: 102, X: 106, Y: 2
client.js:111 Player: 1, Frame: 103, X: 106, Y: 2
client.js:111 Player: 1, Frame: 104, X: 106, Y: 2
client.js:111 Player: 1, Frame: 105, X: 106, Y: 2
client.js:111 Player: 1, Frame: 106, X: 106, Y: 2
client.js:111 Player: 1, Frame: 107, X: 106, Y: 3.6466666666666665
client.js:111 Player: 1, Frame: 108, X: 106, Y: 5.293333333333333
client.js:111 Player: 1, Frame: 109, X: 106, Y: 6.9399999999999995
client.js:111 Player: 1, Frame: 110, X: 106, Y: 8.586666666666666
client.js:111 Player: 1, Frame: 111, X: 106, Y: 10.233333333333333
client.js:111 Player: 1, Frame: 112, X: 106, Y: 11.879999999999999
client.js:111 Player: 1, Frame: 113, X: 106, Y: 13.52
client.js:111 Player: 1, Frame: 114, X: 106, Y: 15.16
client.js:111 Player: 1, Frame: 115, X: 106, Y: 16.806666666666665
client.js:111 Player: 1, Frame: 116, X: 106, Y: 18.453333333333333
client.js:111 Player: 1, Frame: 117, X: 106, Y: 20.10333333333333
Serializer.js:74 frame sent: 1
Serializer.js:82 frame sent: 2
Serializer.js:82 frame sent: 3
Serializer.js:82 frame sent: 4
Serializer.js:82 frame sent: 5
Serializer.js:82 frame sent: 6
Serializer.js:82 frame sent: 7
Serializer.js:82 frame sent: 8
Serializer.js:82 frame sent: 9
Serializer.js:82 frame sent: 10
Serializer.js:82 frame sent: 11
Serializer.js:82 frame sent: 12
Serializer.js:82 frame sent: 13
Serializer.js:82 frame sent: 14
Serializer.js:82 frame sent: 15
Serializer.js:82 frame sent: 16
Serializer.js:82 frame sent: 17
Serializer.js:82 frame sent: 18
Serializer.js:82 frame sent: 19
Serializer.js:82 frame sent: 20
Serializer.js:82 frame sent: 21
Serializer.js:82 frame sent: 22
Serializer.js:82 frame sent: 23
Serializer.js:82 frame sent: 24
Serializer.js:82 frame sent: 25
Serializer.js:82 frame sent: 26
Serializer.js:82 frame sent: 27
Serializer.js:82 frame sent: 28
Serializer.js:82 frame sent: 29
Serializer.js:82 frame sent: 30
Serializer.js:82 frame sent: 31
Serializer.js:82 frame sent: 32
Serializer.js:82 frame sent: 33
Serializer.js:82 frame sent: 34
Serializer.js:82 frame sent: 35
Serializer.js:82 frame sent: 36
Serializer.js:82 frame sent: 37
Serializer.js:82 frame sent: 38
Serializer.js:82 frame sent: 39
Serializer.js:82 frame sent: 40
Serializer.js:82 frame sent: 41
Serializer.js:82 frame sent: 42
Serializer.js:82 frame sent: 43
Serializer.js:82 frame sent: 44
Serializer.js:82 frame sent: 45
Serializer.js:82 frame sent: 46
Serializer.js:82 frame sent: 47
Serializer.js:82 frame sent: 48
Serializer.js:82 frame sent: 49
Serializer.js:82 frame sent: 50
Serializer.js:82 frame sent: 51
Serializer.js:82 frame sent: 52
Serializer.js:82 frame sent: 53
Serializer.js:82 frame sent: 54
Serializer.js:82 frame sent: 55
Serializer.js:82 frame sent: 56
Serializer.js:82 frame sent: 57
Serializer.js:82 frame sent: 58
Serializer.js:82 frame sent: 59
Serializer.js:82 frame sent: 60
Serializer.js:82 frame sent: 61
Serializer.js:82 frame sent: 62
Serializer.js:82 frame sent: 63
Serializer.js:82 frame sent: 64
Serializer.js:82 frame sent: 65
Serializer.js:82 frame sent: 66
Serializer.js:82 frame sent: 67
Serializer.js:82 frame sent: 68
Serializer.js:82 frame sent: 69
Serializer.js:82 frame sent: 70
Serializer.js:82 frame sent: 71
Serializer.js:82 frame sent: 72
Serializer.js:82 frame sent: 73
Serializer.js:82 frame sent: 74
Serializer.js:82 frame sent: 75
Serializer.js:82 frame sent: 76
Serializer.js:82 frame sent: 77
Serializer.js:82 frame sent: 78
Serializer.js:82 frame sent: 79
Serializer.js:82 frame sent: 80
Serializer.js:82 frame sent: 81
Serializer.js:82 frame sent: 82
Serializer.js:82 frame sent: 83
Serializer.js:82 frame sent: 84
Serializer.js:82 frame sent: 85
Serializer.js:82 frame sent: 86
Serializer.js:82 frame sent: 87
Serializer.js:82 frame sent: 88
Serializer.js:82 frame sent: 89
Serializer.js:82 frame sent: 90
Serializer.js:82 frame sent: 91
Serializer.js:82 frame sent: 92
Serializer.js:82 frame sent: 93
Serializer.js:82 frame sent: 94
Serializer.js:82 frame sent: 95
Serializer.js:82 frame sent: 96
Serializer.js:82 frame sent: 97
Serializer.js:82 frame sent: 98
Serializer.js:82 frame sent: 99
Serializer.js:82 frame sent: 100
Serializer.js:82 frame sent: 101
Serializer.js:82 frame sent: 102
Serializer.js:82 frame sent: 103
Serializer.js:82 frame sent: 104
Serializer.js:82 frame sent: 105
Serializer.js:82 frame sent: 106
Serializer.js:82 frame sent: 107
Serializer.js:82 frame sent: 108
Serializer.js:82 frame sent: 109
Serializer.js:82 frame sent: 110
Serializer.js:82 frame sent: 111
Serializer.js:82 frame sent: 112
Serializer.js:82 frame sent: 113
Serializer.js:82 frame sent: 114
Serializer.js:82 frame sent: 115
Serializer.js:82 frame sent: 116
Serializer.js:7 Uncaught TypeError: Cannot read properties of undefined (reading 'left')
    at cmdToByte (Serializer.js:7:13)
    at CommandSerializer.serialize (Serializer.js:81:35)
    at GameScene.sendClientUpdate (client.js:202:31)
cmdToByte @ Serializer.js:7
serialize @ Serializer.js:81
sendClientUpdate @ client.js:202
setInterval
GameScene @ client.js:39
createSceneFromFunction @ phaser.min.js:1
bootQueue @ phaser.min.js:1
a.emit @ phaser.min.js:1
texturesReady @ phaser.min.js:1
a.emit @ phaser.min.js:1
updatePending @ phaser.min.js:1
a.emit @ phaser.min.js:1
s.onload @ phaser.min.js:1
load
addBase64 @ phaser.min.js:1
boot @ phaser.min.js:1
a.emit @ phaser.min.js:1
boot @ phaser.min.js:1
t.exports @ phaser.min.js:1
initialize @ phaser.min.js:1
(anonymous) @ client.js:566
client.js:111 Player: 1, Frame: 118, X: 106, Y: 21.756666666666664
client.js:111 Player: 1, Frame: 119, X: 106, Y: 23.409999999999997
client.js:460 Player must be at: (106, 2) in frame 0. But server is at 0
client.js:111 Player: 1, Frame: 120, X: 106, Y: 25.066666666666663
client.js:111 Player: 1, Frame: 121, X: 106, Y: 26.71666666666666
client.js:111 Player: 1, Frame: 122, X: 106, Y: 28.369999999999994
client.js:111 Player: 1, Frame: 123, X: 106, Y: 30.033333333333328
client.js:111 Player: 1, Frame: 124, X: 106, Y: 31.699999999999996
client.js:111 Player: 1, Frame: 125, X: 106, Y: 33.36
client.js:111 Player: 1, Frame: 126, X: 106, Y: 35.03
client.js:111 Player: 1, Frame: 127, X: 106, Y: 36.69
client.js:111 Player: 1, Frame: 128, X: 106, Y: 38.519999999999996
client.js:111 Player: 1, Frame: 129, X: 106, Y: 40.349999999999994
client.js:111 Player: 1, Frame: 130, X: 107.30107647738325, Y: 41.65107647738324
client.js:111 Player: 1, Frame: 131, X: 108.6021529547665, Y: 42.95215295476649
client.js:111 Player: 1, Frame: 132, X: 109.89615836433788, Y: 44.24615836433787
client.js:111 Player: 1, Frame: 133, X: 111.19016377390926, Y: 45.540163773909256
client.js:111 Player: 1, Frame: 134, X: 112.48416918348065, Y: 46.83416918348064
client.js:111 Player: 1, Frame: 135, X: 113.77817459305203, Y: 48.12817459305202
client.js:111 Player: 1, Frame: 136, X: 115.07218000262341, Y: 49.422180002623406
client.js:111 Player: 1, Frame: 137, X: 116.37325648000666, Y: 50.723256480006654
client.js:111 Player: 1, Frame: 138, X: 117.5541248045882, Y: 51.904124804588186
client.js:111 Player: 1, Frame: 139, X: 118.73499312916974, Y: 53.08499312916972
client.js:111 Player: 1, Frame: 140, X: 119.90879038593941, Y: 54.258790385939385
client.js:111 Player: 1, Frame: 141, X: 121.08258764270909, Y: 55.43258764270905
client.js:111 Player: 1, Frame: 142, X: 122.26345596729062, Y: 56.613455967290584
client.js:111 Player: 1, Frame: 143, X: 123.4372532240603, Y: 57.78725322406025
client.js:111 Player: 1, Frame: 144, X: 124.61105048082997, Y: 58.96105048082992
client.js:111 Player: 1, Frame: 145, X: 125.79191880541151, Y: 60.14191880541145
client.js:111 Player: 1, Frame: 146, X: 126.97278712999305, Y: 61.32278712999298
client.js:111 Player: 1, Frame: 147, X: 128.14658438676273, Y: 62.49658438676265
client.js:111 Player: 1, Frame: 148, X: 129.32038164353241, Y: 63.670381643532316
client.js:111 Player: 1, Frame: 149, X: 130.50124996811394, Y: 64.85124996811385
client.js:111 Player: 1, Frame: 150, X: 131.6750472248836, Y: 66.02504722488351
client.js:111 Player: 1, Frame: 151, X: 132.862986617277, Y: 67.21298661727691
client.js:111 Player: 1, Frame: 152, X: 134.0438549418585, Y: 68.39385494185845
client.js:111 Player: 1, Frame: 153, X: 135.22472326644004, Y: 69.57472326643997
client.js:111 Player: 1, Frame: 154, X: 136.40559159102156, Y: 70.7555915910215
client.js:111 Player: 1, Frame: 155, X: 137.57938884779122, Y: 71.92938884779116
client.js:111 Player: 1, Frame: 156, X: 138.76025717237275, Y: 73.11025717237268
client.js:111 Player: 1, Frame: 157, X: 139.94112549695427, Y: 74.29112549695421
client.js:111 Player: 1, Frame: 158, X: 141.1219938215358, Y: 75.47199382153573
client.js:111 Player: 1, Frame: 159, X: 142.29579107830546, Y: 76.6457910783054
client.js:111 Player: 1, Frame: 160, X: 143.47665940288698, Y: 77.82665940288692
client.js:111 Player: 1, Frame: 161, X: 144.65045665965664, Y: 79.00045665965658
client.js:111 Player: 1, Frame: 162, X: 145.8242539164263, Y: 80.17425391642625
client.js:111 Player: 1, Frame: 163, X: 147.00512224100783, Y: 81.35512224100779
client.js:111 Player: 1, Frame: 164, X: 148.18599056558935, Y: 82.53599056558933
client.js:111 Player: 1, Frame: 165, X: 149.36685889017087, Y: 83.71685889017087
client.js:111 Player: 1, Frame: 166, X: 150.54065614694053, Y: 84.89065614694054
client.js:111 Player: 1, Frame: 167, X: 151.72152447152206, Y: 86.07152447152208
client.js:111 Player: 1, Frame: 168, X: 152.89532172829172, Y: 87.24532172829176
client.js:111 Player: 1, Frame: 169, X: 154.07619005287324, Y: 88.4261900528733
client.js:111 Player: 1, Frame: 170, X: 155.25705837745477, Y: 89.60705837745483
client.js:111 Player: 1, Frame: 171, X: 156.43085563422443, Y: 90.78085563422451
client.js:111 Player: 1, Frame: 172, X: 157.61172395880595, Y: 91.96172395880605
client.js:111 Player: 1, Frame: 173, X: 158.79259228338748, Y: 93.14259228338759
client.js:111 Player: 1, Frame: 174, X: 159.96638954015714, Y: 94.31638954015726
client.js:111 Player: 1, Frame: 175, X: 161.14725786473866, Y: 95.4972578647388
client.js:111 Player: 1, Frame: 176, X: 162.32105512150832, Y: 96.67105512150847
Serializer.js:74 frame sent: 1
Serializer.js:82 frame sent: 2
Serializer.js:82 frame sent: 3
Serializer.js:82 frame sent: 4
Serializer.js:82 frame sent: 5
Serializer.js:82 frame sent: 6
Serializer.js:82 frame sent: 7
Serializer.js:82 frame sent: 8
Serializer.js:82 frame sent: 9
Serializer.js:82 frame sent: 10
Serializer.js:82 frame sent: 11
Serializer.js:82 frame sent: 12
Serializer.js:82 frame sent: 13
Serializer.js:82 frame sent: 14
Serializer.js:82 frame sent: 15
Serializer.js:82 frame sent: 16
Serializer.js:82 frame sent: 17
Serializer.js:82 frame sent: 18
Serializer.js:82 frame sent: 19
Serializer.js:82 frame sent: 20
Serializer.js:82 frame sent: 21
Serializer.js:82 frame sent: 22
Serializer.js:82 frame sent: 23
Serializer.js:82 frame sent: 24
Serializer.js:82 frame sent: 25
Serializer.js:82 frame sent: 26
Serializer.js:82 frame sent: 27
Serializer.js:82 frame sent: 28
Serializer.js:82 frame sent: 29
Serializer.js:82 frame sent: 30
Serializer.js:82 frame sent: 31
Serializer.js:82 frame sent: 32
Serializer.js:82 frame sent: 33
Serializer.js:82 frame sent: 34
Serializer.js:82 frame sent: 35
Serializer.js:82 frame sent: 36
Serializer.js:82 frame sent: 37
Serializer.js:82 frame sent: 38
Serializer.js:82 frame sent: 39
Serializer.js:82 frame sent: 40
Serializer.js:82 frame sent: 41
Serializer.js:82 frame sent: 42
Serializer.js:82 frame sent: 43
Serializer.js:82 frame sent: 44
Serializer.js:82 frame sent: 45
Serializer.js:82 frame sent: 46
Serializer.js:82 frame sent: 47
Serializer.js:82 frame sent: 48
Serializer.js:82 frame sent: 49
Serializer.js:82 frame sent: 50
Serializer.js:82 frame sent: 51
Serializer.js:82 frame sent: 52
Serializer.js:82 frame sent: 53
Serializer.js:82 frame sent: 54
Serializer.js:82 frame sent: 55
Serializer.js:82 frame sent: 56
Serializer.js:82 frame sent: 57
Serializer.js:82 frame sent: 58
Serializer.js:82 frame sent: 59
Serializer.js:82 frame sent: 60
Serializer.js:82 frame sent: 61
Serializer.js:82 frame sent: 62
Serializer.js:82 frame sent: 63
Serializer.js:82 frame sent: 64
Serializer.js:82 frame sent: 65
Serializer.js:82 frame sent: 66
Serializer.js:82 frame sent: 67
Serializer.js:82 frame sent: 68
Serializer.js:82 frame sent: 69
Serializer.js:82 frame sent: 70
Serializer.js:82 frame sent: 71
Serializer.js:82 frame sent: 72
Serializer.js:82 frame sent: 73
Serializer.js:82 frame sent: 74
Serializer.js:82 frame sent: 75
Serializer.js:82 frame sent: 76
Serializer.js:82 frame sent: 77
Serializer.js:82 frame sent: 78
Serializer.js:82 frame sent: 79
Serializer.js:82 frame sent: 80
Serializer.js:82 frame sent: 81
Serializer.js:82 frame sent: 82
Serializer.js:82 frame sent: 83
Serializer.js:82 frame sent: 84
Serializer.js:82 frame sent: 85
Serializer.js:82 frame sent: 86
Serializer.js:82 frame sent: 87
Serializer.js:82 frame sent: 88
Serializer.js:82 frame sent: 89
Serializer.js:82 frame sent: 90
Serializer.js:82 frame sent: 91
Serializer.js:82 frame sent: 92
Serializer.js:82 frame sent: 93
Serializer.js:82 frame sent: 94
Serializer.js:82 frame sent: 95
Serializer.js:82 frame sent: 96
Serializer.js:82 frame sent: 97
Serializer.js:82 frame sent: 98
Serializer.js:82 frame sent: 99
Serializer.js:82 frame sent: 100
Serializer.js:82 frame sent: 101
Serializer.js:82 frame sent: 102
Serializer.js:82 frame sent: 103
Serializer.js:82 frame sent: 104
Serializer.js:82 frame sent: 105
Serializer.js:82 frame sent: 106
Serializer.js:82 frame sent: 107
Serializer.js:82 frame sent: 108
Serializer.js:82 frame sent: 109
Serializer.js:82 frame sent: 110
Serializer.js:82 frame sent: 111
Serializer.js:82 frame sent: 112
Serializer.js:82 frame sent: 113
Serializer.js:82 frame sent: 114
Serializer.js:82 frame sent: 115
Serializer.js:82 frame sent: 116
Serializer.js:82 frame sent: 117
Serializer.js:82 frame sent: 118
Serializer.js:82 frame sent: 119
Serializer.js:82 frame sent: 120
Serializer.js:82 frame sent: 121
Serializer.js:82 frame sent: 122
Serializer.js:82 frame sent: 123
Serializer.js:82 frame sent: 124
Serializer.js:82 frame sent: 125
Serializer.js:82 frame sent: 126
Serializer.js:82 frame sent: 127
Serializer.js:82 frame sent: 128
Serializer.js:82 frame sent: 129
Serializer.js:82 frame sent: 130
Serializer.js:82 frame sent: 131
Serializer.js:82 frame sent: 132
Serializer.js:82 frame sent: 133
Serializer.js:82 frame sent: 134
Serializer.js:82 frame sent: 135
Serializer.js:82 frame sent: 136
Serializer.js:82 frame sent: 137
Serializer.js:82 frame sent: 138
Serializer.js:82 frame sent: 139
Serializer.js:82 frame sent: 140
Serializer.js:82 frame sent: 141
Serializer.js:82 frame sent: 142
Serializer.js:82 frame sent: 143
Serializer.js:82 frame sent: 144
Serializer.js:82 frame sent: 145
Serializer.js:82 frame sent: 146
Serializer.js:82 frame sent: 147
Serializer.js:82 frame sent: 148
Serializer.js:82 frame sent: 149
Serializer.js:82 frame sent: 150
Serializer.js:82 frame sent: 151
Serializer.js:82 frame sent: 152
Serializer.js:82 frame sent: 153
Serializer.js:82 frame sent: 154
Serializer.js:82 frame sent: 155
Serializer.js:82 frame sent: 156
Serializer.js:82 frame sent: 157
Serializer.js:82 frame sent: 158
Serializer.js:82 frame sent: 159
Serializer.js:82 frame sent: 160
Serializer.js:82 frame sent: 161
Serializer.js:82 frame sent: 162
Serializer.js:82 frame sent: 163
Serializer.js:82 frame sent: 164
Serializer.js:82 frame sent: 165
Serializer.js:82 frame sent: 166
Serializer.js:82 frame sent: 167
Serializer.js:82 frame sent: 168
Serializer.js:82 frame sent: 169
Serializer.js:82 frame sent: 170
Serializer.js:82 frame sent: 171
Serializer.js:82 frame sent: 172
Serializer.js:82 frame sent: 173
Serializer.js:82 frame sent: 174
Serializer.js:82 frame sent: 175
Serializer.js:7 Uncaught TypeError: Cannot read properties of undefined (reading 'left')
    at cmdToByte (Serializer.js:7:13)
    at CommandSerializer.serialize (Serializer.js:81:35)
    at GameScene.sendClientUpdate (client.js:202:31)
cmdToByte @ Serializer.js:7
serialize @ Serializer.js:81
sendClientUpdate @ client.js:202
setInterval
GameScene @ client.js:39
createSceneFromFunction @ phaser.min.js:1
bootQueue @ phaser.min.js:1
a.emit @ phaser.min.js:1
texturesReady @ phaser.min.js:1
a.emit @ phaser.min.js:1
updatePending @ phaser.min.js:1
a.emit @ phaser.min.js:1
s.onload @ phaser.min.js:1
load
addBase64 @ phaser.min.js:1
boot @ phaser.min.js:1
a.emit @ phaser.min.js:1
boot @ phaser.min.js:1
t.exports @ phaser.min.js:1
initialize @ phaser.min.js:1
(anonymous) @ client.js:566
client.js:111 Player: 1, Frame: 177, X: 163.49485237827798, Y: 97.84485237827815
client.js:111 Player: 1, Frame: 178, X: 164.6757207028595, Y: 99.02572070285969
client.js:460 Player must be at: (106, 2) in frame 0. But server is at 0
client.js:111 Player: 1, Frame: 2, X: 165.85658902744103, Y: 100.20658902744123
client.js:111 Player: 1, Frame: 3, X: 167.0303862842107, Y: 101.3803862842109
client.js:111 Player: 1, Frame: 4, X: 168.21832567660408, Y: 102.5683256766043
client.js:111 Player: 1, Frame: 5, X: 169.39212293337374, Y: 103.74212293337398
client.js:111 Player: 1, Frame: 6, X: 170.5659201901434, Y: 104.91592019014365
client.js:111 Player: 1, Frame: 7, X: 171.74678851472493, Y: 106.09678851472519
client.js:111 Player: 1, Frame: 8, X: 172.92765683930645, Y: 107.27765683930673
client.js:111 Player: 1, Frame: 9, X: 174.10852516388798, Y: 108.45852516388827
client.js:111 Player: 1, Frame: 10, X: 175.2893934884695, Y: 109.6393934884698
client.js:111 Player: 1, Frame: 11, X: 176.47026181305102, Y: 110.82026181305135
client.js:111 Player: 1, Frame: 12, X: 177.64405906982068, Y: 111.99405906982102
client.js:111 Player: 1, Frame: 13, X: 178.8249273944022, Y: 113.17492739440256
client.js:111 Player: 1, Frame: 14, X: 179.99165358336, Y: 114.34165358336037
client.js:111 Player: 1, Frame: 15, X: 181.17252190794153, Y: 115.52252190794191
client.js:111 Player: 1, Frame: 16, X: 182.35339023252305, Y: 116.70339023252345
client.js:111 Player: 1, Frame: 17, X: 183.53425855710458, Y: 117.88425855710499
client.js:111 Player: 1, Frame: 18, X: 184.70805581387424, Y: 119.05805581387466
client.js:111 Player: 1, Frame: 19, X: 185.88892413845576, Y: 120.2389241384562
client.js:111 Player: 1, Frame: 20, X: 187.0697924630373, Y: 121.41979246303774
client.js:111 Player: 1, Frame: 21, X: 188.2506607876188, Y: 122.60066078761928
client.js:111 Player: 1, Frame: 22, X: 189.43152911220034, Y: 123.78152911220081
client.js:111 Player: 1, Frame: 23, X: 190.60532636897, Y: 124.95532636897049
client.js:111 Player: 1, Frame: 24, X: 191.78619469355152, Y: 126.13619469355203
client.js:111 Player: 1, Frame: 25, X: 192.96706301813305, Y: 127.31706301813357
client.js:111 Player: 1, Frame: 26, X: 194.1408602749027, Y: 128.49086027490324
client.js:111 Player: 1, Frame: 27, X: 195.31465753167237, Y: 129.6646575316729
client.js:111 Player: 1, Frame: 28, X: 196.4955258562539, Y: 130.84552585625443
client.js:111 Player: 1, Frame: 29, X: 197.67639418083542, Y: 132.02639418083595
client.js:111 Player: 1, Frame: 30, X: 198.85726250541694, Y: 133.20726250541748
client.js:111 Player: 1, Frame: 31, X: 200.0310597621866, Y: 134.38105976218714
client.js:111 Player: 1, Frame: 32, X: 201.21192808676813, Y: 135.56192808676866
client.js:111 Player: 1, Frame: 33, X: 202.39986747916151, Y: 136.74986747916205
client.js:111 Player: 1, Frame: 34, X: 203.58073580374304, Y: 137.93073580374357
client.js:111 Player: 1, Frame: 35, X: 204.7545330605127, Y: 139.10453306051323
client.js:111 Player: 1, Frame: 36, X: 205.93540138509422, Y: 140.28540138509476
client.js:111 Player: 1, Frame: 37, X: 207.11626970967575, Y: 141.46626970967628
client.js:111 Player: 1, Frame: 38, X: 208.29713803425727, Y: 142.6471380342578
client.js:111 Player: 1, Frame: 39, X: 209.4780063588388, Y: 143.82800635883933
client.js:111 Player: 1, Frame: 40, X: 210.65180361560846, Y: 145.001803615609
client.js:111 Player: 1, Frame: 41, X: 211.82560087237812, Y: 146.17560087237865
client.js:111 Player: 1, Frame: 42, X: 212.99939812914778, Y: 147.3493981291483
client.js:111 Player: 1, Frame: 43, X: 214.17319538591744, Y: 148.52319538591797
client.js:111 Player: 1, Frame: 44, X: 215.35406371049896, Y: 149.7040637104995
client.js:111 Player: 1, Frame: 45, X: 216.5349320350805, Y: 150.88493203508102
client.js:111 Player: 1, Frame: 46, X: 217.715800359662, Y: 152.06580035966255
client.js:111 Player: 1, Frame: 47, X: 218.89666868424354, Y: 153.24666868424407
client.js:111 Player: 1, Frame: 48, X: 220.07753700882506, Y: 154.4275370088256
client.js:111 Player: 1, Frame: 49, X: 221.25133426559472, Y: 155.60133426559526
client.js:111 Player: 1, Frame: 50, X: 222.43220259017625, Y: 156.78220259017678
client.js:111 Player: 1, Frame: 51, X: 223.62014198256963, Y: 157.97014198257017
client.js:111 Player: 1, Frame: 52, X: 224.80101030715116, Y: 159.1510103071517
client.js:111 Player: 1, Frame: 53, X: 225.98187863173268, Y: 160.33187863173322
client.js:111 Player: 1, Frame: 54, X: 227.1627469563142, Y: 161.51274695631474
client.js:111 Player: 1, Frame: 55, X: 228.46382343369746, Y: 162.813823433698
client.js:111 Player: 1, Frame: 56, X: 229.87803699607056, Y: 164.2280369960711
client.js:111 Player: 1, Frame: 57, X: 231.29225055844367, Y: 165.6422505584442
Serializer.js:74 frame sent: 1
Serializer.js:82 frame sent: 2
Serializer.js:82 frame sent: 3
Serializer.js:82 frame sent: 4
Serializer.js:82 frame sent: 5
Serializer.js:82 frame sent: 6
Serializer.js:82 frame sent: 7
Serializer.js:82 frame sent: 8
Serializer.js:82 frame sent: 9
Serializer.js:82 frame sent: 10
Serializer.js:82 frame sent: 11
Serializer.js:82 frame sent: 12
Serializer.js:82 frame sent: 13
Serializer.js:82 frame sent: 14
Serializer.js:82 frame sent: 15
Serializer.js:82 frame sent: 16
Serializer.js:82 frame sent: 17
Serializer.js:82 frame sent: 18
Serializer.js:82 frame sent: 19
Serializer.js:82 frame sent: 20
Serializer.js:82 frame sent: 21
Serializer.js:82 frame sent: 22
Serializer.js:82 frame sent: 23
Serializer.js:82 frame sent: 24
Serializer.js:82 frame sent: 25
Serializer.js:82 frame sent: 26
Serializer.js:82 frame sent: 27
Serializer.js:82 frame sent: 28
Serializer.js:82 frame sent: 29
Serializer.js:82 frame sent: 30
Serializer.js:82 frame sent: 31
Serializer.js:82 frame sent: 32
Serializer.js:82 frame sent: 33
Serializer.js:82 frame sent: 34
Serializer.js:82 frame sent: 35
Serializer.js:82 frame sent: 36
Serializer.js:82 frame sent: 37
Serializer.js:82 frame sent: 38
Serializer.js:82 frame sent: 39
Serializer.js:82 frame sent: 40
Serializer.js:82 frame sent: 41
Serializer.js:82 frame sent: 42
Serializer.js:82 frame sent: 43
Serializer.js:82 frame sent: 44
Serializer.js:82 frame sent: 45
Serializer.js:82 frame sent: 46
Serializer.js:82 frame sent: 47
Serializer.js:82 frame sent: 48
Serializer.js:82 frame sent: 49
Serializer.js:82 frame sent: 50
Serializer.js:82 frame sent: 51
Serializer.js:82 frame sent: 52
Serializer.js:82 frame sent: 53
Serializer.js:82 frame sent: 54
Serializer.js:82 frame sent: 55
Serializer.js:82 frame sent: 56
Serializer.js:7 Uncaught TypeError: Cannot read properties of undefined (reading 'left')
    at cmdToByte (Serializer.js:7:13)
    at CommandSerializer.serialize (Serializer.js:81:35)
    at GameScene.sendClientUpdate (client.js:202:31)
cmdToByte @ Serializer.js:7
serialize @ Serializer.js:81
sendClientUpdate @ client.js:202
setInterval
GameScene @ client.js:39
createSceneFromFunction @ phaser.min.js:1
bootQueue @ phaser.min.js:1
a.emit @ phaser.min.js:1
texturesReady @ phaser.min.js:1
a.emit @ phaser.min.js:1
updatePending @ phaser.min.js:1
a.emit @ phaser.min.js:1
s.onload @ phaser.min.js:1
load
addBase64 @ phaser.min.js:1
boot @ phaser.min.js:1
a.emit @ phaser.min.js:1
boot @ phaser.min.js:1
t.exports @ phaser.min.js:1
initialize @ phaser.min.js:1
(anonymous) @ client.js:566
client.js:111 Player: 1, Frame: 58, X: 232.70646412081678, Y: 167.0564641208173
client.js:111 Player: 1, Frame: 59, X: 234.12067768318988, Y: 168.47067768319042
client.js:111 Player: 1, Frame: 60, X: 235.534891245563, Y: 169.88489124556352
client.js:460 Player must be at: (106, 2) in frame 0. But server is at 0
client.js:231 CMD_FULL_SERVER_UPDATE
client.js:111 Player: 1, Frame: 61, X: 178.266313037265, Y: 74.26631303726512
client.js:111 Player: 1, Frame: 62, X: 178.266313037265, Y: 76.26631303726512
client.js:111 Player: 1, Frame: 63, X: 178.266313037265, Y: 78.26631303726512
client.js:111 Player: 1, Frame: 64, X: 178.266313037265, Y: 80.25631303726512
client.js:111 Player: 1, Frame: 65, X: 178.266313037265, Y: 82.08631303726511
client.js:111 Player: 1, Frame: 66, X: 178.266313037265, Y: 83.75631303726512
client.js:111 Player: 1, Frame: 67, X: 178.266313037265, Y: 85.42631303726512
client.js:111 Player: 1, Frame: 68, X: 178.266313037265, Y: 87.08631303726511
client.js:111 Player: 1, Frame: 69, X: 178.266313037265, Y: 88.75631303726512
client.js:111 Player: 1, Frame: 70, X: 178.266313037265, Y: 90.41631303726511
client.js:111 Player: 1, Frame: 71, X: 178.266313037265, Y: 92.08631303726511
client.js:111 Player: 1, Frame: 72, X: 178.266313037265, Y: 93.75631303726512
client.js:111 Player: 1, Frame: 73, X: 178.266313037265, Y: 95.42631303726512
client.js:111 Player: 1, Frame: 74, X: 177.08544471268348, Y: 96.60718136184666
client.js:111 Player: 1, Frame: 75, X: 175.90457638810196, Y: 97.7880496864282
client.js:111 Player: 1, Frame: 76, X: 174.7307791313323, Y: 98.96184694319787
client.js:111 Player: 1, Frame: 77, X: 173.55698187456264, Y: 100.13564419996754
client.js:111 Player: 1, Frame: 78, X: 172.3761135499811, Y: 101.31651252454908
client.js:111 Player: 1, Frame: 79, X: 171.1952452253996, Y: 102.49738084913062
client.js:111 Player: 1, Frame: 80, X: 170.01437690081806, Y: 103.67824917371216
client.js:111 Player: 1, Frame: 81, X: 168.8405796440484, Y: 104.85204643048183
client.js:111 Player: 1, Frame: 82, X: 167.65971131946688, Y: 106.03291475506337
client.js:111 Player: 1, Frame: 83, X: 166.48591406269722, Y: 107.20671201183305
client.js:111 Player: 1, Frame: 84, X: 165.3050457381157, Y: 108.38758033641459
client.js:111 Player: 1, Frame: 85, X: 164.12417741353417, Y: 109.56844866099613
client.js:111 Player: 1, Frame: 86, X: 162.94330908895265, Y: 110.74931698557766
client.js:111 Player: 1, Frame: 87, X: 161.76244076437112, Y: 111.9301853101592
client.js:111 Player: 1, Frame: 88, X: 160.58864350760146, Y: 113.10398256692888
client.js:111 Player: 1, Frame: 89, X: 159.4148462508318, Y: 114.27777982369855
client.js:111 Player: 1, Frame: 90, X: 158.23397792625028, Y: 115.45864814828009
client.js:111 Player: 1, Frame: 91, X: 157.05310960166875, Y: 116.63951647286163
client.js:111 Player: 1, Frame: 92, X: 155.8793123448991, Y: 117.8133137296313
client.js:111 Player: 1, Frame: 93, X: 154.69844402031757, Y: 118.99418205421284
client.js:111 Player: 1, Frame: 94, X: 153.5246467635479, Y: 120.16797931098252
client.js:111 Player: 1, Frame: 95, X: 152.35084950677825, Y: 121.34177656775219
client.js:111 Player: 1, Frame: 96, X: 151.16998118219672, Y: 122.52264489233373
client.js:111 Player: 1, Frame: 97, X: 149.99618392542706, Y: 123.6964421491034
client.js:111 Player: 1, Frame: 98, X: 148.81531560084554, Y: 124.87731047368494
client.js:111 Player: 1, Frame: 99, X: 147.634447276264, Y: 126.05817879826648
client.js:111 Player: 1, Frame: 100, X: 146.46065001949435, Y: 127.23197605503616
client.js:111 Player: 1, Frame: 101, X: 145.27978169491283, Y: 128.4128443796177
client.js:111 Player: 1, Frame: 102, X: 143.98577628534144, Y: 129.70684978918908
client.js:111 Player: 1, Frame: 103, X: 142.69177087577006, Y: 131.00085519876046
client.js:111 Player: 1, Frame: 104, X: 141.3906943983868, Y: 132.3019316761437
client.js:111 Player: 1, Frame: 105, X: 140.09668898881543, Y: 133.5959370857151
client.js:111 Player: 1, Frame: 106, X: 138.80268357924405, Y: 134.88994249528648
client.js:111 Player: 1, Frame: 107, X: 137.5016071018608, Y: 136.19101897266972
client.js:111 Player: 1, Frame: 108, X: 136.20760169228942, Y: 137.4850243822411
client.js:111 Player: 1, Frame: 109, X: 134.91359628271803, Y: 138.7790297918125
client.js:111 Player: 1, Frame: 110, X: 133.61251980533478, Y: 140.08010626919574
client.js:111 Player: 1, Frame: 111, X: 133.61251980533478, Y: 141.91010626919575
client.js:111 Player: 1, Frame: 112, X: 133.61251980533478, Y: 143.58010626919577
client.js:111 Player: 1, Frame: 113, X: 133.61251980533478, Y: 145.25010626919575
client.js:111 Player: 1, Frame: 114, X: 133.61251980533478, Y: 146.91010626919575
client.js:111 Player: 1, Frame: 115, X: 133.61251980533478, Y: 148.58010626919574
client.js:111 Player: 1, Frame: 116, X: 133.61251980533478, Y: 150.25010626919573
Serializer.js:74 frame sent: 1
Serializer.js:82 frame sent: 2
Serializer.js:82 frame sent: 3
Serializer.js:82 frame sent: 4
Serializer.js:82 frame sent: 5
Serializer.js:82 frame sent: 6
Serializer.js:82 frame sent: 7
Serializer.js:82 frame sent: 8
Serializer.js:82 frame sent: 9
Serializer.js:82 frame sent: 10
Serializer.js:82 frame sent: 11
Serializer.js:82 frame sent: 12
Serializer.js:82 frame sent: 13
Serializer.js:82 frame sent: 14
Serializer.js:82 frame sent: 15
Serializer.js:82 frame sent: 16
Serializer.js:82 frame sent: 17
Serializer.js:82 frame sent: 18
Serializer.js:82 frame sent: 19
Serializer.js:82 frame sent: 20
Serializer.js:82 frame sent: 21
Serializer.js:82 frame sent: 22
Serializer.js:82 frame sent: 23
Serializer.js:82 frame sent: 24
Serializer.js:82 frame sent: 25
Serializer.js:82 frame sent: 26
Serializer.js:82 frame sent: 27
Serializer.js:82 frame sent: 28
Serializer.js:82 frame sent: 29
Serializer.js:82 frame sent: 30
Serializer.js:82 frame sent: 31
Serializer.js:82 frame sent: 32
Serializer.js:82 frame sent: 33
Serializer.js:82 frame sent: 34
Serializer.js:82 frame sent: 35
Serializer.js:82 frame sent: 36
Serializer.js:82 frame sent: 37
Serializer.js:82 frame sent: 38
Serializer.js:82 frame sent: 39
Serializer.js:82 frame sent: 40
Serializer.js:82 frame sent: 41
Serializer.js:82 frame sent: 42
Serializer.js:82 frame sent: 43
Serializer.js:82 frame sent: 44
Serializer.js:82 frame sent: 45
Serializer.js:82 frame sent: 46
Serializer.js:82 frame sent: 47
Serializer.js:82 frame sent: 48
Serializer.js:82 frame sent: 49
Serializer.js:82 frame sent: 50
Serializer.js:82 frame sent: 51
Serializer.js:82 frame sent: 52
Serializer.js:82 frame sent: 53
Serializer.js:82 frame sent: 54
Serializer.js:82 frame sent: 55
Serializer.js:82 frame sent: 56
Serializer.js:82 frame sent: 57
Serializer.js:82 frame sent: 58
Serializer.js:82 frame sent: 59
Serializer.js:82 frame sent: 60
Serializer.js:82 frame sent: 61
Serializer.js:82 frame sent: 62
Serializer.js:82 frame sent: 63
Serializer.js:82 frame sent: 64
Serializer.js:82 frame sent: 65
Serializer.js:82 frame sent: 66
Serializer.js:82 frame sent: 67
Serializer.js:82 frame sent: 68
Serializer.js:82 frame sent: 69
Serializer.js:82 frame sent: 70
Serializer.js:82 frame sent: 71
Serializer.js:82 frame sent: 72
Serializer.js:82 frame sent: 73
Serializer.js:82 frame sent: 74
Serializer.js:82 frame sent: 75
Serializer.js:82 frame sent: 76
Serializer.js:82 frame sent: 77
Serializer.js:82 frame sent: 78
Serializer.js:82 frame sent: 79
Serializer.js:82 frame sent: 80
Serializer.js:82 frame sent: 81
Serializer.js:82 frame sent: 82
Serializer.js:82 frame sent: 83
Serializer.js:82 frame sent: 84
Serializer.js:82 frame sent: 85
Serializer.js:82 frame sent: 86
Serializer.js:82 frame sent: 87
Serializer.js:82 frame sent: 88
Serializer.js:82 frame sent: 89
Serializer.js:82 frame sent: 90
Serializer.js:82 frame sent: 91
Serializer.js:82 frame sent: 92
Serializer.js:82 frame sent: 93
Serializer.js:82 frame sent: 94
Serializer.js:82 frame sent: 95
Serializer.js:82 frame sent: 96
Serializer.js:82 frame sent: 97
Serializer.js:82 frame sent: 98
Serializer.js:82 frame sent: 99
Serializer.js:82 frame sent: 100
Serializer.js:82 frame sent: 101
Serializer.js:82 frame sent: 102
Serializer.js:82 frame sent: 103
Serializer.js:82 frame sent: 104
Serializer.js:82 frame sent: 105
Serializer.js:82 frame sent: 106
Serializer.js:82 frame sent: 107
Serializer.js:82 frame sent: 108
Serializer.js:82 frame sent: 109
Serializer.js:82 frame sent: 110
Serializer.js:82 frame sent: 111
Serializer.js:82 frame sent: 112
Serializer.js:82 frame sent: 113
Serializer.js:82 frame sent: 114
Serializer.js:82 frame sent: 115
Serializer.js:7 Uncaught TypeError: Cannot read properties of undefined (reading 'left')
    at cmdToByte (Serializer.js:7:13)
    at CommandSerializer.serialize (Serializer.js:81:35)
    at GameScene.sendClientUpdate (client.js:202:31)
cmdToByte @ Serializer.js:7
serialize @ Serializer.js:81
sendClientUpdate @ client.js:202
setInterval
GameScene @ client.js:39
createSceneFromFunction @ phaser.min.js:1
bootQueue @ phaser.min.js:1
a.emit @ phaser.min.js:1
texturesReady @ phaser.min.js:1
a.emit @ phaser.min.js:1
updatePending @ phaser.min.js:1
a.emit @ phaser.min.js:1
s.onload @ phaser.min.js:1
load
addBase64 @ phaser.min.js:1
boot @ phaser.min.js:1
a.emit @ phaser.min.js:1
boot @ phaser.min.js:1
t.exports @ phaser.min.js:1
initialize @ phaser.min.js:1
(anonymous) @ client.js:566
client.js:111 Player: 1, Frame: 117, X: 133.61251980533478, Y: 151.9201062691957
client.js:111 Player: 1, Frame: 118, X: 133.61251980533478, Y: 153.5901062691957
client.js:111 Player: 1, Frame: 119, X: 133.61251980533478, Y: 155.2601062691957
client.js:460 Player must be at: (106, 2) in frame 0. But server is at 0
client.js:111 Player: 1, Frame: 120, X: 133.61251980533478, Y: 156.92010626919568
client.js:111 Player: 1, Frame: 121, X: 133.61251980533478, Y: 158.59010626919567
client.js:111 Player: 1, Frame: 122, X: 133.61251980533478, Y: 160.25010626919567
client.js:111 Player: 1, Frame: 123, X: 133.61251980533478, Y: 161.92010626919566
client.js:111 Player: 1, Frame: 124, X: 133.61251980533478, Y: 163.59010626919564
client.js:111 Player: 1, Frame: 125, X: 133.61251980533478, Y: 165.26010626919563
client.js:111 Player: 1, Frame: 126, X: 133.61251980533478, Y: 166.92010626919563
client.js:111 Player: 1, Frame: 127, X: 133.61251980533478, Y: 168.58010626919562
client.js:111 Player: 1, Frame: 128, X: 133.61251980533478, Y: 170.2501062691956
client.js:111 Player: 1, Frame: 129, X: 133.61251980533478, Y: 171.9101062691956
client.js:111 Player: 1, Frame: 130, X: 133.61251980533478, Y: 173.5801062691956
client.js:111 Player: 1, Frame: 131, X: 133.61251980533478, Y: 175.2401062691956
client.js:111 Player: 1, Frame: 132, X: 133.61251980533478, Y: 176.91010626919558
client.js:111 Player: 1, Frame: 133, X: 133.61251980533478, Y: 178.57010626919558
client.js:111 Player: 1, Frame: 134, X: 133.61251980533478, Y: 180.24010626919556
client.js:111 Player: 1, Frame: 135, X: 133.61251980533478, Y: 181.90010626919556
client.js:111 Player: 1, Frame: 136, X: 133.61251980533478, Y: 183.57010626919555
client.js:111 Player: 1, Frame: 137, X: 133.61251980533478, Y: 185.23010626919555
client.js:111 Player: 1, Frame: 138, X: 133.61251980533478, Y: 186.89010626919554
client.js:111 Player: 1, Frame: 139, X: 133.61251980533478, Y: 188.56010626919553
client.js:111 Player: 1, Frame: 140, X: 133.61251980533478, Y: 190.23010626919552
client.js:111 Player: 1, Frame: 141, X: 133.61251980533478, Y: 191.9001062691955
client.js:111 Player: 1, Frame: 142, X: 133.61251980533478, Y: 193.5701062691955
client.js:111 Player: 1, Frame: 143, X: 133.61251980533478, Y: 195.2301062691955
client.js:111 Player: 1, Frame: 144, X: 133.61251980533478, Y: 196.90010626919548
client.js:111 Player: 1, Frame: 145, X: 133.61251980533478, Y: 198.57010626919546
client.js:111 Player: 1, Frame: 146, X: 133.61251980533478, Y: 200.24010626919545
client.js:111 Player: 1, Frame: 147, X: 133.61251980533478, Y: 201.91010626919544
client.js:111 Player: 1, Frame: 148, X: 133.61251980533478, Y: 203.58010626919543
client.js:111 Player: 1, Frame: 149, X: 134.7933881299163, Y: 204.76097459377695
client.js:111 Player: 1, Frame: 150, X: 135.96718538668597, Y: 205.9347718505466
client.js:111 Player: 1, Frame: 151, X: 137.1480537112675, Y: 207.11564017512814
client.js:111 Player: 1, Frame: 152, X: 138.32185096803715, Y: 208.2894374318978
client.js:111 Player: 1, Frame: 153, X: 139.50979036043054, Y: 209.47737682429118
client.js:111 Player: 1, Frame: 154, X: 140.6835876172002, Y: 210.65117408106084
client.js:111 Player: 1, Frame: 155, X: 141.86445594178173, Y: 211.83204240564237
client.js:111 Player: 1, Frame: 156, X: 143.0382531985514, Y: 213.00583966241203
client.js:111 Player: 1, Frame: 157, X: 144.2191215231329, Y: 214.18670798699355
client.js:111 Player: 1, Frame: 158, X: 145.39998984771444, Y: 215.36757631157508
client.js:111 Player: 1, Frame: 159, X: 146.5737871044841, Y: 216.54137356834474
client.js:111 Player: 1, Frame: 160, X: 147.75465542906562, Y: 217.72224189292626
client.js:111 Player: 1, Frame: 161, X: 148.93552375364715, Y: 218.9031102175078
client.js:111 Player: 1, Frame: 162, X: 150.11639207822867, Y: 220.0839785420893
client.js:111 Player: 1, Frame: 163, X: 151.29018933499833, Y: 221.25777579885897
client.js:111 Player: 1, Frame: 164, X: 152.47105765957986, Y: 222.4386441234405
client.js:111 Player: 1, Frame: 165, X: 153.64485491634952, Y: 223.61244138021016
client.js:111 Player: 1, Frame: 166, X: 154.82572324093104, Y: 224.79330970479168
client.js:111 Player: 1, Frame: 167, X: 155.9995204977007, Y: 225.96710696156134
client.js:111 Player: 1, Frame: 168, X: 157.17331775447036, Y: 227.140904218331
client.js:111 Player: 1, Frame: 169, X: 158.35418607905189, Y: 228.32177254291253
client.js:111 Player: 1, Frame: 170, X: 159.5350544036334, Y: 229.50264086749405
client.js:111 Player: 1, Frame: 171, X: 160.70885166040307, Y: 230.6764381242637
client.js:111 Player: 1, Frame: 172, X: 161.8897199849846, Y: 231.85730644884524
client.js:111 Player: 1, Frame: 173, X: 163.07058830956612, Y: 233.03817477342676
client.js:111 Player: 1, Frame: 174, X: 164.25145663414764, Y: 234.21904309800829
client.js:111 Player: 1, Frame: 175, X: 165.43232495872917, Y: 235.3999114225898
Serializer.js:74 frame sent: 1
Serializer.js:82 frame sent: 2
Serializer.js:82 frame sent: 3
Serializer.js:82 frame sent: 4
Serializer.js:82 frame sent: 5
Serializer.js:82 frame sent: 6
Serializer.js:82 frame sent: 7
Serializer.js:82 frame sent: 8
Serializer.js:82 frame sent: 9
Serializer.js:82 frame sent: 10
Serializer.js:82 frame sent: 11
Serializer.js:82 frame sent: 12
Serializer.js:82 frame sent: 13
Serializer.js:82 frame sent: 14
Serializer.js:82 frame sent: 15
Serializer.js:82 frame sent: 16
Serializer.js:82 frame sent: 17
Serializer.js:82 frame sent: 18
Serializer.js:82 frame sent: 19
Serializer.js:82 frame sent: 20
Serializer.js:82 frame sent: 21
Serializer.js:82 frame sent: 22
Serializer.js:82 frame sent: 23
Serializer.js:82 frame sent: 24
Serializer.js:82 frame sent: 25
Serializer.js:82 frame sent: 26
Serializer.js:82 frame sent: 27
Serializer.js:82 frame sent: 28
Serializer.js:82 frame sent: 29
Serializer.js:82 frame sent: 30
Serializer.js:82 frame sent: 31
Serializer.js:82 frame sent: 32
Serializer.js:82 frame sent: 33
Serializer.js:82 frame sent: 34
Serializer.js:82 frame sent: 35
Serializer.js:82 frame sent: 36
Serializer.js:82 frame sent: 37
Serializer.js:82 frame sent: 38
Serializer.js:82 frame sent: 39
Serializer.js:82 frame sent: 40
Serializer.js:82 frame sent: 41
Serializer.js:82 frame sent: 42
Serializer.js:82 frame sent: 43
Serializer.js:82 frame sent: 44
Serializer.js:82 frame sent: 45
Serializer.js:82 frame sent: 46
Serializer.js:82 frame sent: 47
Serializer.js:82 frame sent: 48
Serializer.js:82 frame sent: 49
Serializer.js:82 frame sent: 50
Serializer.js:82 frame sent: 51
Serializer.js:82 frame sent: 52
Serializer.js:82 frame sent: 53
Serializer.js:82 frame sent: 54
Serializer.js:82 frame sent: 55
Serializer.js:82 frame sent: 56
Serializer.js:82 frame sent: 57
Serializer.js:82 frame sent: 58
Serializer.js:82 frame sent: 59
Serializer.js:82 frame sent: 60
Serializer.js:82 frame sent: 61
Serializer.js:82 frame sent: 62
Serializer.js:82 frame sent: 63
Serializer.js:82 frame sent: 64
Serializer.js:82 frame sent: 65
Serializer.js:82 frame sent: 66
Serializer.js:82 frame sent: 67
Serializer.js:82 frame sent: 68
Serializer.js:82 frame sent: 69
Serializer.js:82 frame sent: 70
Serializer.js:82 frame sent: 71
Serializer.js:82 frame sent: 72
Serializer.js:82 frame sent: 73
Serializer.js:82 frame sent: 74
Serializer.js:82 frame sent: 75
Serializer.js:82 frame sent: 76
Serializer.js:82 frame sent: 77
Serializer.js:82 frame sent: 78
Serializer.js:82 frame sent: 79
Serializer.js:82 frame sent: 80
Serializer.js:82 frame sent: 81
Serializer.js:82 frame sent: 82
Serializer.js:82 frame sent: 83
Serializer.js:82 frame sent: 84
Serializer.js:82 frame sent: 85
Serializer.js:82 frame sent: 86
Serializer.js:82 frame sent: 87
Serializer.js:82 frame sent: 88
Serializer.js:82 frame sent: 89
Serializer.js:82 frame sent: 90
Serializer.js:82 frame sent: 91
Serializer.js:82 frame sent: 92
Serializer.js:82 frame sent: 93
Serializer.js:82 frame sent: 94
Serializer.js:82 frame sent: 95
Serializer.js:82 frame sent: 96
Serializer.js:82 frame sent: 97
Serializer.js:82 frame sent: 98
Serializer.js:82 frame sent: 99
Serializer.js:82 frame sent: 100
Serializer.js:82 frame sent: 101
Serializer.js:82 frame sent: 102
Serializer.js:82 frame sent: 103
Serializer.js:82 frame sent: 104
Serializer.js:82 frame sent: 105
Serializer.js:82 frame sent: 106
Serializer.js:82 frame sent: 107
Serializer.js:82 frame sent: 108
Serializer.js:82 frame sent: 109
Serializer.js:82 frame sent: 110
Serializer.js:82 frame sent: 111
Serializer.js:82 frame sent: 112
Serializer.js:82 frame sent: 113
Serializer.js:82 frame sent: 114
Serializer.js:82 frame sent: 115
Serializer.js:82 frame sent: 116
Serializer.js:82 frame sent: 117
Serializer.js:82 frame sent: 118
Serializer.js:82 frame sent: 119
Serializer.js:82 frame sent: 120
Serializer.js:82 frame sent: 121
Serializer.js:82 frame sent: 122
Serializer.js:82 frame sent: 123
Serializer.js:82 frame sent: 124
Serializer.js:82 frame sent: 125
Serializer.js:82 frame sent: 126
Serializer.js:82 frame sent: 127
Serializer.js:82 frame sent: 128
Serializer.js:82 frame sent: 129
Serializer.js:82 frame sent: 130
Serializer.js:82 frame sent: 131
Serializer.js:82 frame sent: 132
Serializer.js:82 frame sent: 133
Serializer.js:82 frame sent: 134
Serializer.js:82 frame sent: 135
Serializer.js:82 frame sent: 136
Serializer.js:82 frame sent: 137
Serializer.js:82 frame sent: 138
Serializer.js:82 frame sent: 139
Serializer.js:82 frame sent: 140
Serializer.js:82 frame sent: 141
Serializer.js:82 frame sent: 142
Serializer.js:82 frame sent: 143
Serializer.js:82 frame sent: 144
Serializer.js:82 frame sent: 145
Serializer.js:82 frame sent: 146
Serializer.js:82 frame sent: 147
Serializer.js:82 frame sent: 148
Serializer.js:82 frame sent: 149
Serializer.js:82 frame sent: 150
Serializer.js:82 frame sent: 151
Serializer.js:82 frame sent: 152
Serializer.js:82 frame sent: 153
Serializer.js:82 frame sent: 154
Serializer.js:82 frame sent: 155
Serializer.js:82 frame sent: 156
Serializer.js:82 frame sent: 157
Serializer.js:82 frame sent: 158
Serializer.js:82 frame sent: 159
Serializer.js:82 frame sent: 160
Serializer.js:82 frame sent: 161
Serializer.js:82 frame sent: 162
Serializer.js:82 frame sent: 163
Serializer.js:82 frame sent: 164
Serializer.js:82 frame sent: 165
Serializer.js:82 frame sent: 166
Serializer.js:82 frame sent: 167
Serializer.js:82 frame sent: 168
Serializer.js:82 frame sent: 169
Serializer.js:82 frame sent: 170
Serializer.js:82 frame sent: 171
Serializer.js:82 frame sent: 172
Serializer.js:82 frame sent: 173
Serializer.js:82 frame sent: 174
Serializer.js:7 Uncaught TypeError: Cannot read properties of undefined (reading 'left')
    at cmdToByte (Serializer.js:7:13)
    at CommandSerializer.serialize (Serializer.js:81:35)
    at GameScene.sendClientUpdate (client.js:202:31)
cmdToByte @ Serializer.js:7
serialize @ Serializer.js:81
sendClientUpdate @ client.js:202
setInterval
GameScene @ client.js:39
createSceneFromFunction @ phaser.min.js:1
bootQueue @ phaser.min.js:1
a.emit @ phaser.min.js:1
texturesReady @ phaser.min.js:1
a.emit @ phaser.min.js:1
updatePending @ phaser.min.js:1
a.emit @ phaser.min.js:1
s.onload @ phaser.min.js:1
load
addBase64 @ phaser.min.js:1
boot @ phaser.min.js:1
a.emit @ phaser.min.js:1
boot @ phaser.min.js:1
t.exports @ phaser.min.js:1
initialize @ phaser.min.js:1
(anonymous) @ client.js:566
client.js:111 Player: 1, Frame: 176, X: 166.60612221549883, Y: 236.57370867935947
client.js:111 Player: 1, Frame: 177, X: 167.79406160789222, Y: 237.76164807175286
client.js:111 Player: 1, Frame: 178, X: 168.97492993247374, Y: 238.94251639633438
client.js:111 Player: 1, Frame: 179, X: 170.1487271892434, Y: 240.11631365310404
client.js:460 Player must be at: (106, 2) in frame 0. But server is at 0
client.js:111 Player: 1, Frame: 180, X: 171.32252444601306, Y: 241.2901109098737
client.js:111 Player: 1, Frame: 181, X: 172.49632170278272, Y: 242.46390816664336
client.js:111 Player: 1, Frame: 182, X: 173.67011895955238, Y: 243.63770542341302
client.js:111 Player: 1, Frame: 183, X: 174.84391621632204, Y: 244.81150268018268
client.js:111 Player: 1, Frame: 184, X: 176.0177134730917, Y: 245.98529993695234
client.js:111 Player: 1, Frame: 185, X: 177.19151072986136, Y: 247.159097193722
client.js:111 Player: 1, Frame: 186, X: 178.3723790544429, Y: 248.33996551830353
client.js:111 Player: 1, Frame: 187, X: 179.54617631121255, Y: 249.5137627750732
client.js:111 Player: 1, Frame: 188, X: 180.72704463579407, Y: 250.6946310996547
client.js:111 Player: 1, Frame: 189, X: 181.9079129603756, Y: 251.87549942423624
client.js:111 Player: 1, Frame: 190, X: 183.08878128495712, Y: 253.05636774881776
client.js:111 Player: 1, Frame: 191, X: 184.26964960953865, Y: 254.2372360733993
client.js:111 Player: 1, Frame: 192, X: 185.5707260869219, Y: 255.53831255078254
client.js:111 Player: 1, Frame: 193, X: 186.87180256430514, Y: 256.8393890281658
client.js:111 Player: 1, Frame: 194, X: 188.16580797387653, Y: 258.13339443773714
client.js:111 Player: 1, Frame: 195, X: 189.46688445125977, Y: 259.4344709151204
client.js:111 Player: 1, Frame: 196, X: 190.76088986083116, Y: 260.72847632469177
client.js:111 Player: 1, Frame: 197, X: 192.05489527040254, Y: 262.0224817342631
client.js:111 Player: 1, Frame: 198, X: 193.34890067997392, Y: 263.3164871438345
client.js:111 Player: 1, Frame: 199, X: 194.64997715735717, Y: 264.61756362121776
client.js:111 Player: 1, Frame: 200, X: 195.94398256692855, Y: 265.9115690307891
client.js:111 Player: 1, Frame: 201, X: 197.2450590443118, Y: 267.2126455081724
client.js:111 Player: 1, Frame: 202, X: 198.42592736889333, Y: 268.3935138327539
client.js:111 Player: 1, Frame: 203, X: 199.60679569347485, Y: 269.57438215733544
client.js:111 Player: 1, Frame: 204, X: 200.7805929502445, Y: 270.7481794141051
client.js:111 Player: 1, Frame: 205, X: 201.95439020701417, Y: 271.92197667087476
client.js:111 Player: 1, Frame: 206, X: 203.1352585315957, Y: 273.1028449954563
client.js:111 Player: 1, Frame: 207, X: 204.31612685617722, Y: 274.2837133200378
client.js:111 Player: 1, Frame: 208, X: 205.49699518075874, Y: 275.46458164461933
client.js:111 Player: 1, Frame: 209, X: 206.67786350534027, Y: 276.64544996920085
client.js:111 Player: 1, Frame: 210, X: 207.8587318299218, Y: 277.8263182937824
client.js:111 Player: 1, Frame: 211, X: 209.03252908669145, Y: 279.00011555055204
client.js:111 Player: 1, Frame: 212, X: 210.20632634346111, Y: 280.1739128073217
client.js:111 Player: 1, Frame: 213, X: 211.38012360023077, Y: 281.34771006409136
client.js:111 Player: 1, Frame: 214, X: 212.56806299262416, Y: 282.53564945648475
client.js:111 Player: 1, Frame: 215, X: 213.7489313172057, Y: 283.7165177810663
client.js:111 Player: 1, Frame: 216, X: 214.9297996417872, Y: 284.8973861056478
client.js:111 Player: 1, Frame: 217, X: 216.10359689855687, Y: 286.07118336241746
client.js:111 Player: 1, Frame: 218, X: 217.2844652231384, Y: 287.252051686999
client.js:111 Player: 1, Frame: 219, X: 218.45826247990806, Y: 288.42584894376864
client.js:111 Player: 1, Frame: 220, X: 219.63205973667772, Y: 289.5996462005383
client.js:111 Player: 1, Frame: 221, X: 220.81292806125924, Y: 290.7805145251198
client.js:111 Player: 1, Frame: 222, X: 221.99379638584077, Y: 291.96138284970135
client.js:111 Player: 1, Frame: 223, X: 223.1746647104223, Y: 293.1422511742829
client.js:111 Player: 1, Frame: 224, X: 224.34846196719195, Y: 294.31604843105254
client.js:111 Player: 1, Frame: 225, X: 225.52933029177348, Y: 295.49691675563406
client.js:111 Player: 1, Frame: 226, X: 226.70312754854314, Y: 296.6707140124037
client.js:111 Player: 1, Frame: 227, X: 227.88399587312466, Y: 297.85158233698525
client.js:111 Player: 1, Frame: 228, X: 229.05779312989432, Y: 299.0253795937549
client.js:111 Player: 1, Frame: 229, X: 230.23866145447585, Y: 300.20624791833643
client.js:111 Player: 1, Frame: 230, X: 231.41952977905737, Y: 301.38711624291795
client.js:111 Player: 1, Frame: 231, X: 232.59332703582703, Y: 302.5609134996876
client.js:111 Player: 1, Frame: 232, X: 233.7671242925967, Y: 303.7347107564573
client.js:111 Player: 1, Frame: 233, X: 234.94092154936635, Y: 304.90850801322694
client.js:111 Player: 1, Frame: 234, X: 236.12178987394788, Y: 306.08937633780846
client.js:111 Player: 1, Frame: 235, X: 237.3026581985294, Y: 307.27024466239
Serializer.js:74 frame sent: 1
Serializer.js:82 frame sent: 2
Serializer.js:82 frame sent: 3
Serializer.js:82 frame sent: 4
Serializer.js:82 frame sent: 5
Serializer.js:82 frame sent: 6
Serializer.js:82 frame sent: 7
Serializer.js:82 frame sent: 8
Serializer.js:82 frame sent: 9
Serializer.js:82 frame sent: 10
Serializer.js:82 frame sent: 11
Serializer.js:82 frame sent: 12
Serializer.js:82 frame sent: 13
Serializer.js:82 frame sent: 14
Serializer.js:82 frame sent: 15
Serializer.js:82 frame sent: 16
Serializer.js:82 frame sent: 17
Serializer.js:82 frame sent: 18
Serializer.js:82 frame sent: 19
Serializer.js:82 frame sent: 20
Serializer.js:82 frame sent: 21
Serializer.js:82 frame sent: 22
Serializer.js:82 frame sent: 23
Serializer.js:82 frame sent: 24
Serializer.js:82 frame sent: 25
Serializer.js:82 frame sent: 26
Serializer.js:82 frame sent: 27
Serializer.js:82 frame sent: 28
Serializer.js:82 frame sent: 29
Serializer.js:82 frame sent: 30
Serializer.js:82 frame sent: 31
Serializer.js:82 frame sent: 32
Serializer.js:82 frame sent: 33
Serializer.js:82 frame sent: 34
Serializer.js:82 frame sent: 35
Serializer.js:82 frame sent: 36
Serializer.js:82 frame sent: 37
Serializer.js:82 frame sent: 38
Serializer.js:82 frame sent: 39
Serializer.js:82 frame sent: 40
Serializer.js:82 frame sent: 41
Serializer.js:82 frame sent: 42
Serializer.js:82 frame sent: 43
Serializer.js:82 frame sent: 44
Serializer.js:82 frame sent: 45
Serializer.js:82 frame sent: 46
Serializer.js:82 frame sent: 47
Serializer.js:82 frame sent: 48
Serializer.js:82 frame sent: 49
Serializer.js:82 frame sent: 50
Serializer.js:82 frame sent: 51
Serializer.js:82 frame sent: 52
Serializer.js:82 frame sent: 53
Serializer.js:82 frame sent: 54
Serializer.js:82 frame sent: 55
Serializer.js:82 frame sent: 56
Serializer.js:82 frame sent: 57
Serializer.js:82 frame sent: 58
Serializer.js:82 frame sent: 59
Serializer.js:82 frame sent: 60
Serializer.js:82 frame sent: 61
Serializer.js:82 frame sent: 62
Serializer.js:82 frame sent: 63
Serializer.js:82 frame sent: 64
Serializer.js:82 frame sent: 65
Serializer.js:82 frame sent: 66
Serializer.js:82 frame sent: 67
Serializer.js:82 frame sent: 68
Serializer.js:82 frame sent: 69
Serializer.js:82 frame sent: 70
Serializer.js:82 frame sent: 71
Serializer.js:82 frame sent: 72
Serializer.js:82 frame sent: 73
Serializer.js:82 frame sent: 74
Serializer.js:82 frame sent: 75
Serializer.js:82 frame sent: 76
Serializer.js:82 frame sent: 77
Serializer.js:82 frame sent: 78
Serializer.js:82 frame sent: 79
Serializer.js:82 frame sent: 80
Serializer.js:82 frame sent: 81
Serializer.js:82 frame sent: 82
Serializer.js:82 frame sent: 83
Serializer.js:82 frame sent: 84
Serializer.js:82 frame sent: 85
Serializer.js:82 frame sent: 86
Serializer.js:82 frame sent: 87
Serializer.js:82 frame sent: 88
Serializer.js:82 frame sent: 89
Serializer.js:82 frame sent: 90
Serializer.js:82 frame sent: 91
Serializer.js:82 frame sent: 92
Serializer.js:82 frame sent: 93
Serializer.js:82 frame sent: 94
Serializer.js:82 frame sent: 95
Serializer.js:82 frame sent: 96
Serializer.js:82 frame sent: 97
Serializer.js:82 frame sent: 98
Serializer.js:82 frame sent: 99
Serializer.js:82 frame sent: 100
Serializer.js:82 frame sent: 101
Serializer.js:82 frame sent: 102
Serializer.js:82 frame sent: 103
Serializer.js:82 frame sent: 104
Serializer.js:82 frame sent: 105
Serializer.js:82 frame sent: 106
Serializer.js:82 frame sent: 107
Serializer.js:82 frame sent: 108
Serializer.js:82 frame sent: 109
Serializer.js:82 frame sent: 110
Serializer.js:82 frame sent: 111
Serializer.js:82 frame sent: 112
Serializer.js:82 frame sent: 113
Serializer.js:82 frame sent: 114
Serializer.js:82 frame sent: 115
Serializer.js:82 frame sent: 116
Serializer.js:82 frame sent: 117
Serializer.js:82 frame sent: 118
Serializer.js:82 frame sent: 119
Serializer.js:82 frame sent: 120
Serializer.js:82 frame sent: 121
Serializer.js:82 frame sent: 122
Serializer.js:82 frame sent: 123
Serializer.js:82 frame sent: 124
Serializer.js:82 frame sent: 125
Serializer.js:82 frame sent: 126
Serializer.js:82 frame sent: 127
Serializer.js:82 frame sent: 128
Serializer.js:82 frame sent: 129
Serializer.js:82 frame sent: 130
Serializer.js:82 frame sent: 131
Serializer.js:82 frame sent: 132
Serializer.js:82 frame sent: 133
Serializer.js:82 frame sent: 134
Serializer.js:82 frame sent: 135
Serializer.js:82 frame sent: 136
Serializer.js:82 frame sent: 137
Serializer.js:82 frame sent: 138
Serializer.js:82 frame sent: 139
Serializer.js:82 frame sent: 140
Serializer.js:82 frame sent: 141
Serializer.js:82 frame sent: 142
Serializer.js:82 frame sent: 143
Serializer.js:82 frame sent: 144
Serializer.js:82 frame sent: 145
Serializer.js:82 frame sent: 146
Serializer.js:82 frame sent: 147
Serializer.js:82 frame sent: 148
Serializer.js:82 frame sent: 149
Serializer.js:82 frame sent: 150
Serializer.js:82 frame sent: 151
Serializer.js:82 frame sent: 152
Serializer.js:82 frame sent: 153
Serializer.js:82 frame sent: 154
Serializer.js:82 frame sent: 155
Serializer.js:82 frame sent: 156
Serializer.js:82 frame sent: 157
Serializer.js:82 frame sent: 158
Serializer.js:82 frame sent: 159
Serializer.js:82 frame sent: 160
Serializer.js:82 frame sent: 161
Serializer.js:82 frame sent: 162
Serializer.js:82 frame sent: 163
Serializer.js:82 frame sent: 164
Serializer.js:82 frame sent: 165
Serializer.js:82 frame sent: 166
Serializer.js:82 frame sent: 167
Serializer.js:82 frame sent: 168
Serializer.js:82 frame sent: 169
Serializer.js:82 frame sent: 170
Serializer.js:82 frame sent: 171
Serializer.js:82 frame sent: 172
Serializer.js:82 frame sent: 173
Serializer.js:82 frame sent: 174
Serializer.js:82 frame sent: 175
Serializer.js:82 frame sent: 176
Serializer.js:82 frame sent: 177
Serializer.js:82 frame sent: 178
Serializer.js:82 frame sent: 179
Serializer.js:82 frame sent: 180
Serializer.js:82 frame sent: 181
Serializer.js:82 frame sent: 182
Serializer.js:82 frame sent: 183
Serializer.js:82 frame sent: 184
Serializer.js:82 frame sent: 185
Serializer.js:82 frame sent: 186
Serializer.js:82 frame sent: 187
Serializer.js:82 frame sent: 188
Serializer.js:82 frame sent: 189
Serializer.js:82 frame sent: 190
Serializer.js:82 frame sent: 191
Serializer.js:82 frame sent: 192
Serializer.js:82 frame sent: 193
Serializer.js:82 frame sent: 194
Serializer.js:82 frame sent: 195
Serializer.js:82 frame sent: 196
Serializer.js:82 frame sent: 197
Serializer.js:82 frame sent: 198
Serializer.js:82 frame sent: 199
Serializer.js:82 frame sent: 200
Serializer.js:82 frame sent: 201
Serializer.js:82 frame sent: 202
Serializer.js:82 frame sent: 203
Serializer.js:82 frame sent: 204
Serializer.js:82 frame sent: 205
Serializer.js:82 frame sent: 206
Serializer.js:82 frame sent: 207
Serializer.js:82 frame sent: 208
Serializer.js:82 frame sent: 209
Serializer.js:82 frame sent: 210
Serializer.js:82 frame sent: 211
Serializer.js:82 frame sent: 212
Serializer.js:82 frame sent: 213
Serializer.js:82 frame sent: 214
Serializer.js:82 frame sent: 215
Serializer.js:82 frame sent: 216
Serializer.js:82 frame sent: 217
Serializer.js:82 frame sent: 218
Serializer.js:82 frame sent: 219
Serializer.js:82 frame sent: 220
Serializer.js:82 frame sent: 221
Serializer.js:82 frame sent: 222
Serializer.js:82 frame sent: 223
Serializer.js:82 frame sent: 224
Serializer.js:82 frame sent: 225
Serializer.js:82 frame sent: 226
Serializer.js:82 frame sent: 227
Serializer.js:82 frame sent: 228
Serializer.js:82 frame sent: 229
Serializer.js:82 frame sent: 230
Serializer.js:82 frame sent: 231
Serializer.js:82 frame sent: 232
Serializer.js:82 frame sent: 233
Serializer.js:82 frame sent: 234
Serializer.js:7 Uncaught TypeError: Cannot read properties of undefined (reading 'left')
    at cmdToByte (Serializer.js:7:13)
    at CommandSerializer.serialize (Serializer.js:81:35)
    at GameScene.sendClientUpdate (client.js:202:31)
cmdToByte @ Serializer.js:7
serialize @ Serializer.js:81
sendClientUpdate @ client.js:202
setInterval
GameScene @ client.js:39
createSceneFromFunction @ phaser.min.js:1
bootQueue @ phaser.min.js:1
a.emit @ phaser.min.js:1
texturesReady @ phaser.min.js:1
a.emit @ phaser.min.js:1
updatePending @ phaser.min.js:1
a.emit @ phaser.min.js:1
s.onload @ phaser.min.js:1
load
addBase64 @ phaser.min.js:1
boot @ phaser.min.js:1
a.emit @ phaser.min.js:1
boot @ phaser.min.js:1
t.exports @ phaser.min.js:1
initialize @ phaser.min.js:1
(anonymous) @ client.js:566
client.js:111 Player: 1, Frame: 236, X: 238.48352652311092, Y: 308.4511129869715
client.js:111 Player: 1, Frame: 237, X: 239.7775319326823, Y: 309.74511839654286
client.js:460 Player must be at: (106, 2) in frame 0. But server is at 0
client.js:111 Player: 1, Frame: 2, X: 241.0715373422537, Y: 311.0391238061142
client.js:111 Player: 1, Frame: 3, X: 242.36554275182507, Y: 312.3331292156856
client.js:111 Player: 1, Frame: 4, X: 243.66661922920832, Y: 313.6342056930688
client.js:111 Player: 1, Frame: 5, X: 244.96769570659157, Y: 314.935282170452
client.js:111 Player: 1, Frame: 6, X: 246.26877218397482, Y: 316.23635864783523
client.js:111 Player: 1, Frame: 7, X: 247.56984866135807, Y: 317.53743512521845
client.js:111 Player: 1, Frame: 8, X: 248.86385407092945, Y: 318.8314405347898
client.js:111 Player: 1, Frame: 9, X: 250.15785948050083, Y: 320.12544594436116
client.js:111 Player: 1, Frame: 10, X: 251.45186489007222, Y: 321.4194513539325
client.js:111 Player: 1, Frame: 11, X: 252.63273321465374, Y: 322.60031967851404
client.js:111 Player: 1, Frame: 12, X: 253.81360153923526, Y: 323.78118800309556
client.js:111 Player: 1, Frame: 13, X: 254.9944698638168, Y: 324.9620563276771
client.js:111 Player: 1, Frame: 14, X: 256.16826712058645, Y: 326.13585358444675
client.js:111 Player: 1, Frame: 15, X: 257.349135445168, Y: 327.3167219090283
client.js:111 Player: 1, Frame: 16, X: 258.52293270193763, Y: 328.49051916579793
client.js:111 Player: 1, Frame: 17, X: 259.6967299587073, Y: 329.6643164225676
client.js:111 Player: 1, Frame: 18, X: 260.8775982832888, Y: 330.8451847471491
client.js:111 Player: 1, Frame: 19, X: 262.05846660787034, Y: 332.02605307173064
client.js:111 Player: 1, Frame: 20, X: 263.23933493245187, Y: 333.20692139631217
client.js:111 Player: 1, Frame: 21, X: 264.4202032570334, Y: 334.3877897208937
client.js:111 Player: 1, Frame: 22, X: 265.59400051380305, Y: 335.56158697766335
client.js:111 Player: 1, Frame: 23, X: 266.7677977705727, Y: 336.735384234433
client.js:111 Player: 1, Frame: 24, X: 267.94866609515424, Y: 337.91625255901454
client.js:111 Player: 1, Frame: 25, X: 269.12953441973576, Y: 339.09712088359606
client.js:111 Player: 1, Frame: 26, X: 270.31747381212915, Y: 340.28506027598945
client.js:111 Player: 1, Frame: 27, X: 271.4983421367107, Y: 341.465928600571
client.js:111 Player: 1, Frame: 28, X: 272.6792104612922, Y: 342.6467969251525
client.js:111 Player: 1, Frame: 29, X: 273.85300771806186, Y: 343.82059418192216
client.js:111 Player: 1, Frame: 30, X: 275.0268049748315, Y: 344.9943914386918
client.js:111 Player: 1, Frame: 31, X: 276.20767329941305, Y: 346.17525976327335
client.js:111 Player: 1, Frame: 32, X: 277.38854162399457, Y: 347.35612808785487
client.js:111 Player: 1, Frame: 33, X: 278.5694099485761, Y: 348.5369964124364
client.js:111 Player: 1, Frame: 34, X: 279.7502782731576, Y: 349.7178647370179
client.js:111 Player: 1, Frame: 35, X: 280.9240755299273, Y: 350.8916619937876
client.js:111 Player: 1, Frame: 36, X: 282.09787278669694, Y: 352.06545925055724
client.js:111 Player: 1, Frame: 37, X: 283.27874111127846, Y: 353.24632757513876
client.js:111 Player: 1, Frame: 38, X: 284.45960943586, Y: 354.4271958997203
client.js:111 Player: 1, Frame: 39, X: 285.6404777604415, Y: 355.6080642243018
client.js:111 Player: 1, Frame: 40, X: 286.8284171528349, Y: 356.7960036166952
client.js:111 Player: 1, Frame: 41, X: 288.0092854774164, Y: 357.9768719412767
client.js:111 Player: 1, Frame: 42, X: 289.19015380199795, Y: 359.15774026585825
client.js:111 Player: 1, Frame: 43, X: 290.3710221265795, Y: 360.3386085904398
client.js:111 Player: 1, Frame: 44, X: 291.54481938334914, Y: 361.51240584720944
client.js:111 Player: 1, Frame: 45, X: 292.72568770793066, Y: 362.69327417179096
client.js:111 Player: 1, Frame: 46, X: 293.9065560325122, Y: 363.8741424963725
client.js:111 Player: 1, Frame: 47, X: 295.0874243570937, Y: 365.055010820954
client.js:111 Player: 1, Frame: 48, X: 296.26122161386337, Y: 366.22880807772367
client.js:111 Player: 1, Frame: 49, X: 297.4420899384449, Y: 367.4096764023052
client.js:111 Player: 1, Frame: 50, X: 298.6229582630264, Y: 368.5905447268867
client.js:111 Player: 1, Frame: 51, X: 299.7967555197961, Y: 369.7643419836564
client.js:111 Player: 1, Frame: 52, X: 300.9776238443776, Y: 370.9452103082379
client.js:111 Player: 1, Frame: 53, X: 302.15142110114726, Y: 372.11900756500756
client.js:111 Player: 1, Frame: 54, X: 303.3322894257288, Y: 373.2998758895891
client.js:111 Player: 1, Frame: 55, X: 304.5131577503103, Y: 374.4807442141706
client.js:111 Player: 1, Frame: 56, X: 305.69402607489184, Y: 375.66161253875214
client.js:111 Player: 1, Frame: 57, X: 306.8678233316615, Y: 376.8354097955218
client.js:111 Player: 1, Frame: 58, X: 308.04162058843116, Y: 378.00920705229146
Serializer.js:74 frame sent: 1
Serializer.js:82 frame sent: 2
Serializer.js:82 frame sent: 3
Serializer.js:82 frame sent: 4
Serializer.js:82 frame sent: 5
Serializer.js:82 frame sent: 6
Serializer.js:82 frame sent: 7
Serializer.js:82 frame sent: 8
Serializer.js:82 frame sent: 9
Serializer.js:82 frame sent: 10
Serializer.js:82 frame sent: 11
Serializer.js:82 frame sent: 12
Serializer.js:82 frame sent: 13
Serializer.js:82 frame sent: 14
Serializer.js:82 frame sent: 15
Serializer.js:82 frame sent: 16
Serializer.js:82 frame sent: 17
Serializer.js:82 frame sent: 18
Serializer.js:82 frame sent: 19
Serializer.js:82 frame sent: 20
Serializer.js:82 frame sent: 21
Serializer.js:82 frame sent: 22
Serializer.js:82 frame sent: 23
Serializer.js:82 frame sent: 24
Serializer.js:82 frame sent: 25
Serializer.js:82 frame sent: 26
Serializer.js:82 frame sent: 27
Serializer.js:82 frame sent: 28
Serializer.js:82 frame sent: 29
Serializer.js:82 frame sent: 30
Serializer.js:82 frame sent: 31
Serializer.js:82 frame sent: 32
Serializer.js:82 frame sent: 33
Serializer.js:82 frame sent: 34
Serializer.js:82 frame sent: 35
Serializer.js:82 frame sent: 36
Serializer.js:82 frame sent: 37
Serializer.js:82 frame sent: 38
Serializer.js:82 frame sent: 39
Serializer.js:82 frame sent: 40
Serializer.js:82 frame sent: 41
Serializer.js:82 frame sent: 42
Serializer.js:82 frame sent: 43
Serializer.js:82 frame sent: 44
Serializer.js:82 frame sent: 45
Serializer.js:82 frame sent: 46
Serializer.js:82 frame sent: 47
Serializer.js:82 frame sent: 48
Serializer.js:82 frame sent: 49
Serializer.js:82 frame sent: 50
Serializer.js:82 frame sent: 51
Serializer.js:82 frame sent: 52
Serializer.js:82 frame sent: 53
Serializer.js:82 frame sent: 54
Serializer.js:82 frame sent: 55
Serializer.js:82 frame sent: 56
Serializer.js:82 frame sent: 57
Serializer.js:7 Uncaught TypeError: Cannot read properties of undefined (reading 'left')
    at cmdToByte (Serializer.js:7:13)
    at CommandSerializer.serialize (Serializer.js:81:35)
    at GameScene.sendClientUpdate (client.js:202:31)
cmdToByte @ Serializer.js:7
serialize @ Serializer.js:81
sendClientUpdate @ client.js:202
setInterval
GameScene @ client.js:39
createSceneFromFunction @ phaser.min.js:1
bootQueue @ phaser.min.js:1
a.emit @ phaser.min.js:1
texturesReady @ phaser.min.js:1
a.emit @ phaser.min.js:1
updatePending @ phaser.min.js:1
a.emit @ phaser.min.js:1
s.onload @ phaser.min.js:1
load
addBase64 @ phaser.min.js:1
boot @ phaser.min.js:1
a.emit @ phaser.min.js:1
boot @ phaser.min.js:1
t.exports @ phaser.min.js:1
initialize @ phaser.min.js:1
(anonymous) @ client.js:566
client.js:111 Player: 1, Frame: 59, X: 309.2154178452008, Y: 379.1830043090611
client.js:111 Player: 1, Frame: 60, X: 310.3892151019705, Y: 380.3568015658308
client.js:460 Player must be at: (106, 2) in frame 0. But server is at 0
client.js:231 CMD_FULL_SERVER_UPDATE
client.js:111 Player: 1, Frame: 61, X: 177.78548042605797, Y: 73.78548042605823
client.js:111 Player: 1, Frame: 62, X: 178.95927768282763, Y: 74.95927768282789
client.js:111 Player: 1, Frame: 63, X: 180.14014600740916, Y: 76.14014600740941
client.js:111 Player: 1, Frame: 64, X: 181.32101433199068, Y: 77.32101433199094
client.js:111 Player: 1, Frame: 65, X: 182.49481158876034, Y: 78.4948115887606
client.js:111 Player: 1, Frame: 66, X: 183.66860884553, Y: 79.66860884553026
client.js:111 Player: 1, Frame: 67, X: 183.66860884553, Y: 81.33860884553026
client.js:111 Player: 1, Frame: 68, X: 183.66860884553, Y: 81.33860884553026
client.js:111 Player: 1, Frame: 69, X: 183.66860884553, Y: 81.33860884553026
client.js:111 Player: 1, Frame: 70, X: 183.66860884553, Y: 81.33860884553026
client.js:111 Player: 1, Frame: 71, X: 183.66860884553, Y: 81.33860884553026
client.js:111 Player: 1, Frame: 72, X: 183.66860884553, Y: 81.33860884553026
client.js:111 Player: 1, Frame: 73, X: 183.66860884553, Y: 81.33860884553026
client.js:111 Player: 1, Frame: 74, X: 183.66860884553, Y: 81.33860884553026
client.js:111 Player: 1, Frame: 75, X: 183.66860884553, Y: 81.33860884553026
client.js:111 Player: 1, Frame: 76, X: 183.66860884553, Y: 81.33860884553026
client.js:111 Player: 1, Frame: 77, X: 183.66860884553, Y: 81.33860884553026
client.js:111 Player: 1, Frame: 78, X: 183.66860884553, Y: 81.33860884553026
client.js:111 Player: 1, Frame: 79, X: 183.66860884553, Y: 81.33860884553026
client.js:111 Player: 1, Frame: 80, X: 183.66860884553, Y: 81.33860884553026
client.js:111 Player: 1, Frame: 81, X: 183.66860884553, Y: 81.33860884553026
client.js:111 Player: 1, Frame: 82, X: 183.66860884553, Y: 81.33860884553026
client.js:111 Player: 1, Frame: 83, X: 183.66860884553, Y: 81.33860884553026
client.js:111 Player: 1, Frame: 84, X: 183.66860884553, Y: 81.33860884553026
client.js:111 Player: 1, Frame: 85, X: 183.66860884553, Y: 81.33860884553026
client.js:111 Player: 1, Frame: 86, X: 183.66860884553, Y: 81.33860884553026
client.js:111 Player: 1, Frame: 87, X: 183.66860884553, Y: 81.33860884553026
client.js:111 Player: 1, Frame: 88, X: 183.66860884553, Y: 81.33860884553026
client.js:111 Player: 1, Frame: 89, X: 183.66860884553, Y: 81.33860884553026
client.js:111 Player: 1, Frame: 90, X: 183.66860884553, Y: 81.33860884553026
client.js:111 Player: 1, Frame: 91, X: 183.66860884553, Y: 81.33860884553026
client.js:111 Player: 1, Frame: 92, X: 183.66860884553, Y: 81.33860884553026
client.js:111 Player: 1, Frame: 93, X: 183.66860884553, Y: 81.33860884553026
client.js:111 Player: 1, Frame: 94, X: 183.66860884553, Y: 81.33860884553026
client.js:111 Player: 1, Frame: 95, X: 183.66860884553, Y: 81.33860884553026
client.js:111 Player: 1, Frame: 96, X: 183.66860884553, Y: 81.33860884553026
client.js:111 Player: 1, Frame: 97, X: 183.66860884553, Y: 81.33860884553026
client.js:111 Player: 1, Frame: 98, X: 183.66860884553, Y: 81.33860884553026
client.js:111 Player: 1, Frame: 99, X: 183.66860884553, Y: 81.33860884553026
client.js:111 Player: 1, Frame: 100, X: 183.66860884553, Y: 81.33860884553026
client.js:111 Player: 1, Frame: 101, X: 183.66860884553, Y: 81.33860884553026
client.js:111 Player: 1, Frame: 102, X: 183.66860884553, Y: 81.33860884553026
client.js:111 Player: 1, Frame: 103, X: 183.66860884553, Y: 81.33860884553026
client.js:111 Player: 1, Frame: 104, X: 183.66860884553, Y: 81.33860884553026
client.js:111 Player: 1, Frame: 105, X: 183.66860884553, Y: 81.33860884553026
client.js:111 Player: 1, Frame: 106, X: 183.66860884553, Y: 81.33860884553026
client.js:111 Player: 1, Frame: 107, X: 183.66860884553, Y: 81.33860884553026
client.js:111 Player: 1, Frame: 108, X: 183.66860884553, Y: 81.33860884553026
client.js:111 Player: 1, Frame: 109, X: 183.66860884553, Y: 81.33860884553026
client.js:111 Player: 1, Frame: 110, X: 183.66860884553, Y: 81.33860884553026
client.js:111 Player: 1, Frame: 111, X: 183.66860884553, Y: 81.33860884553026
client.js:111 Player: 1, Frame: 112, X: 183.66860884553, Y: 81.33860884553026
client.js:111 Player: 1, Frame: 113, X: 183.66860884553, Y: 81.33860884553026
client.js:111 Player: 1, Frame: 114, X: 183.66860884553, Y: 81.33860884553026
client.js:111 Player: 1, Frame: 115, X: 183.66860884553, Y: 81.33860884553026
client.js:111 Player: 1, Frame: 116, X: 183.66860884553, Y: 81.33860884553026
client.js:111 Player: 1, Frame: 117, X: 183.66860884553, Y: 81.33860884553026
Serializer.js:74 frame sent: 1
Serializer.js:82 frame sent: 2
Serializer.js:82 frame sent: 3
Serializer.js:82 frame sent: 4
Serializer.js:82 frame sent: 5
Serializer.js:82 frame sent: 6
Serializer.js:82 frame sent: 7
Serializer.js:82 frame sent: 8
Serializer.js:82 frame sent: 9
Serializer.js:82 frame sent: 10
Serializer.js:82 frame sent: 11
Serializer.js:82 frame sent: 12
Serializer.js:82 frame sent: 13
Serializer.js:82 frame sent: 14
Serializer.js:82 frame sent: 15
Serializer.js:82 frame sent: 16
Serializer.js:82 frame sent: 17
Serializer.js:82 frame sent: 18
Serializer.js:82 frame sent: 19
Serializer.js:82 frame sent: 20
Serializer.js:82 frame sent: 21
Serializer.js:82 frame sent: 22
Serializer.js:82 frame sent: 23
Serializer.js:82 frame sent: 24
Serializer.js:82 frame sent: 25
Serializer.js:82 frame sent: 26
Serializer.js:82 frame sent: 27
Serializer.js:82 frame sent: 28
Serializer.js:82 frame sent: 29
Serializer.js:82 frame sent: 30
Serializer.js:82 frame sent: 31
Serializer.js:82 frame sent: 32
Serializer.js:82 frame sent: 33
Serializer.js:82 frame sent: 34
Serializer.js:82 frame sent: 35
Serializer.js:82 frame sent: 36
Serializer.js:82 frame sent: 37
Serializer.js:82 frame sent: 38
Serializer.js:82 frame sent: 39
Serializer.js:82 frame sent: 40
Serializer.js:82 frame sent: 41
Serializer.js:82 frame sent: 42
Serializer.js:82 frame sent: 43
Serializer.js:82 frame sent: 44
Serializer.js:82 frame sent: 45
Serializer.js:82 frame sent: 46
Serializer.js:82 frame sent: 47
Serializer.js:82 frame sent: 48
Serializer.js:82 frame sent: 49
Serializer.js:82 frame sent: 50
Serializer.js:82 frame sent: 51
Serializer.js:82 frame sent: 52
Serializer.js:82 frame sent: 53
Serializer.js:82 frame sent: 54
Serializer.js:82 frame sent: 55
Serializer.js:82 frame sent: 56
Serializer.js:82 frame sent: 57
Serializer.js:82 frame sent: 58
Serializer.js:82 frame sent: 59
Serializer.js:82 frame sent: 60
Serializer.js:82 frame sent: 61
Serializer.js:82 frame sent: 62
Serializer.js:82 frame sent: 63
Serializer.js:82 frame sent: 64
Serializer.js:82 frame sent: 65
Serializer.js:82 frame sent: 66
Serializer.js:82 frame sent: 67
Serializer.js:82 frame sent: 68
Serializer.js:82 frame sent: 69
Serializer.js:82 frame sent: 70
Serializer.js:82 frame sent: 71
Serializer.js:82 frame sent: 72
Serializer.js:82 frame sent: 73
Serializer.js:82 frame sent: 74
Serializer.js:82 frame sent: 75
Serializer.js:82 frame sent: 76
Serializer.js:82 frame sent: 77
Serializer.js:82 frame sent: 78
Serializer.js:82 frame sent: 79
Serializer.js:82 frame sent: 80
Serializer.js:82 frame sent: 81
Serializer.js:82 frame sent: 82
Serializer.js:82 frame sent: 83
Serializer.js:82 frame sent: 84
Serializer.js:82 frame sent: 85
Serializer.js:82 frame sent: 86
Serializer.js:82 frame sent: 87
Serializer.js:82 frame sent: 88
Serializer.js:82 frame sent: 89
Serializer.js:82 frame sent: 90
Serializer.js:82 frame sent: 91
Serializer.js:82 frame sent: 92
Serializer.js:82 frame sent: 93
Serializer.js:82 frame sent: 94
Serializer.js:82 frame sent: 95
Serializer.js:82 frame sent: 96
Serializer.js:82 frame sent: 97
Serializer.js:82 frame sent: 98
Serializer.js:82 frame sent: 99
Serializer.js:82 frame sent: 100
Serializer.js:82 frame sent: 101
Serializer.js:82 frame sent: 102
Serializer.js:82 frame sent: 103
Serializer.js:82 frame sent: 104
Serializer.js:82 frame sent: 105
Serializer.js:82 frame sent: 106
Serializer.js:82 frame sent: 107
Serializer.js:82 frame sent: 108
Serializer.js:82 frame sent: 109
Serializer.js:82 frame sent: 110
Serializer.js:82 frame sent: 111
Serializer.js:82 frame sent: 112
Serializer.js:82 frame sent: 113
Serializer.js:82 frame sent: 114
Serializer.js:82 frame sent: 115
Serializer.js:82 frame sent: 116
Serializer.js:7 Uncaught TypeError: Cannot read properties of undefined (reading 'left')
    at cmdToByte (Serializer.js:7:13)
    at CommandSerializer.serialize (Serializer.js:81:35)
    at GameScene.sendClientUpdate (client.js:202:31)
cmdToByte @ Serializer.js:7
serialize @ Serializer.js:81
sendClientUpdate @ client.js:202
setInterval
GameScene @ client.js:39
createSceneFromFunction @ phaser.min.js:1
bootQueue @ phaser.min.js:1
a.emit @ phaser.min.js:1
texturesReady @ phaser.min.js:1
a.emit @ phaser.min.js:1
updatePending @ phaser.min.js:1
a.emit @ phaser.min.js:1
s.onload @ phaser.min.js:1
load
addBase64 @ phaser.min.js:1
boot @ phaser.min.js:1
a.emit @ phaser.min.js:1
boot @ phaser.min.js:1
t.exports @ phaser.min.js:1
initialize @ phaser.min.js:1
(anonymous) @ client.js:566
client.js:111 Player: 1, Frame: 118, X: 183.66860884553, Y: 81.33860884553026
client.js:111 Player: 1, Frame: 119, X: 183.66860884553, Y: 81.33860884553026
client.js:111 Player: 1, Frame: 120, X: 183.66860884553, Y: 81.33860884553026
client.js:460 Player must be at: (106, 2) in frame 0. But server is at 0
client.js:111 Player: 1, Frame: 121, X: 183.66860884553, Y: 81.33860884553026
client.js:111 Player: 1, Frame: 122, X: 183.66860884553, Y: 81.33860884553026
client.js:111 Player: 1, Frame: 123, X: 183.66860884553, Y: 81.33860884553026
client.js:111 Player: 1, Frame: 124, X: 183.66860884553, Y: 81.33860884553026
client.js:111 Player: 1, Frame: 125, X: 183.66860884553, Y: 81.33860884553026
client.js:111 Player: 1, Frame: 126, X: 183.66860884553, Y: 81.33860884553026
client.js:111 Player: 1, Frame: 127, X: 183.66860884553, Y: 81.33860884553026
client.js:111 Player: 1, Frame: 128, X: 183.66860884553, Y: 81.33860884553026
client.js:111 Player: 1, Frame: 129, X: 183.66860884553, Y: 81.33860884553026
client.js:111 Player: 1, Frame: 130, X: 183.66860884553, Y: 81.33860884553026
client.js:111 Player: 1, Frame: 131, X: 183.66860884553, Y: 81.33860884553026
client.js:111 Player: 1, Frame: 132, X: 183.66860884553, Y: 81.33860884553026
client.js:111 Player: 1, Frame: 133, X: 183.66860884553, Y: 81.33860884553026
client.js:111 Player: 1, Frame: 134, X: 183.66860884553, Y: 81.33860884553026
client.js:111 Player: 1, Frame: 135, X: 183.66860884553, Y: 81.33860884553026
client.js:111 Player: 1, Frame: 136, X: 183.66860884553, Y: 81.33860884553026
client.js:111 Player: 1, Frame: 137, X: 183.66860884553, Y: 81.33860884553026
client.js:111 Player: 1, Frame: 138, X: 183.66860884553, Y: 81.33860884553026
client.js:111 Player: 1, Frame: 139, X: 183.66860884553, Y: 81.33860884553026
client.js:111 Player: 1, Frame: 140, X: 183.66860884553, Y: 81.33860884553026
client.js:111 Player: 1, Frame: 141, X: 183.66860884553, Y: 81.33860884553026
client.js:111 Player: 1, Frame: 142, X: 183.66860884553, Y: 81.33860884553026
client.js:111 Player: 1, Frame: 143, X: 183.66860884553, Y: 81.33860884553026
client.js:111 Player: 1, Frame: 144, X: 183.66860884553, Y: 81.33860884553026
client.js:111 Player: 1, Frame: 145, X: 183.66860884553, Y: 81.33860884553026
client.js:111 Player: 1, Frame: 146, X: 183.66860884553, Y: 81.33860884553026
client.js:111 Player: 1, Frame: 147, X: 183.66860884553, Y: 81.33860884553026
client.js:111 Player: 1, Frame: 148, X: 183.66860884553, Y: 81.33860884553026
client.js:111 Player: 1, Frame: 149, X: 183.66860884553, Y: 81.33860884553026
client.js:111 Player: 1, Frame: 150, X: 183.66860884553, Y: 81.33860884553026
client.js:111 Player: 1, Frame: 151, X: 183.66860884553, Y: 81.33860884553026
client.js:111 Player: 1, Frame: 152, X: 183.66860884553, Y: 81.33860884553026
client.js:111 Player: 1, Frame: 153, X: 183.66860884553, Y: 81.33860884553026
client.js:111 Player: 1, Frame: 154, X: 183.66860884553, Y: 81.33860884553026
client.js:111 Player: 1, Frame: 155, X: 183.66860884553, Y: 81.33860884553026
client.js:111 Player: 1, Frame: 156, X: 183.66860884553, Y: 81.33860884553026
client.js:111 Player: 1, Frame: 157, X: 183.66860884553, Y: 81.33860884553026
client.js:111 Player: 1, Frame: 158, X: 183.66860884553, Y: 81.33860884553026
client.js:111 Player: 1, Frame: 159, X: 183.66860884553, Y: 81.33860884553026
client.js:111 Player: 1, Frame: 160, X: 183.66860884553, Y: 81.33860884553026
client.js:111 Player: 1, Frame: 161, X: 183.66860884553, Y: 81.33860884553026
client.js:111 Player: 1, Frame: 162, X: 183.66860884553, Y: 81.33860884553026
client.js:111 Player: 1, Frame: 163, X: 183.66860884553, Y: 81.33860884553026
client.js:111 Player: 1, Frame: 164, X: 183.66860884553, Y: 81.33860884553026
client.js:111 Player: 1, Frame: 165, X: 183.66860884553, Y: 81.33860884553026
client.js:111 Player: 1, Frame: 166, X: 183.66860884553, Y: 81.33860884553026
client.js:111 Player: 1, Frame: 167, X: 183.66860884553, Y: 81.33860884553026
client.js:111 Player: 1, Frame: 168, X: 183.66860884553, Y: 81.33860884553026
client.js:111 Player: 1, Frame: 169, X: 183.66860884553, Y: 81.33860884553026
client.js:111 Player: 1, Frame: 170, X: 183.66860884553, Y: 81.33860884553026
client.js:111 Player: 1, Frame: 171, X: 183.66860884553, Y: 81.33860884553026
client.js:111 Player: 1, Frame: 172, X: 183.66860884553, Y: 81.33860884553026
client.js:111 Player: 1, Frame: 173, X: 183.66860884553, Y: 81.33860884553026
client.js:111 Player: 1, Frame: 174, X: 183.66860884553, Y: 81.33860884553026
client.js:111 Player: 1, Frame: 175, X: 183.66860884553, Y: 81.33860884553026
client.js:111 Player: 1, Frame: 176, X: 183.66860884553, Y: 81.33860884553026
client.js:111 Player: 1, Frame: 177, X: 183.66860884553, Y: 81.33860884553026
Serializer.js:74 frame sent: 1
Serializer.js:82 frame sent: 2
Serializer.js:82 frame sent: 3
Serializer.js:82 frame sent: 4
Serializer.js:82 frame sent: 5
Serializer.js:82 frame sent: 6
Serializer.js:82 frame sent: 7
Serializer.js:82 frame sent: 8
Serializer.js:82 frame sent: 9
Serializer.js:82 frame sent: 10
Serializer.js:82 frame sent: 11
Serializer.js:82 frame sent: 12
Serializer.js:82 frame sent: 13
Serializer.js:82 frame sent: 14
Serializer.js:82 frame sent: 15
Serializer.js:82 frame sent: 16
Serializer.js:82 frame sent: 17
Serializer.js:82 frame sent: 18
Serializer.js:82 frame sent: 19
Serializer.js:82 frame sent: 20
Serializer.js:82 frame sent: 21
Serializer.js:82 frame sent: 22
Serializer.js:82 frame sent: 23
Serializer.js:82 frame sent: 24
Serializer.js:82 frame sent: 25
Serializer.js:82 frame sent: 26
Serializer.js:82 frame sent: 27
Serializer.js:82 frame sent: 28
Serializer.js:82 frame sent: 29
Serializer.js:82 frame sent: 30
Serializer.js:82 frame sent: 31
Serializer.js:82 frame sent: 32
Serializer.js:82 frame sent: 33
Serializer.js:82 frame sent: 34
Serializer.js:82 frame sent: 35
Serializer.js:82 frame sent: 36
Serializer.js:82 frame sent: 37
Serializer.js:82 frame sent: 38
Serializer.js:82 frame sent: 39
Serializer.js:82 frame sent: 40
Serializer.js:82 frame sent: 41
Serializer.js:82 frame sent: 42
Serializer.js:82 frame sent: 43
Serializer.js:82 frame sent: 44
Serializer.js:82 frame sent: 45
Serializer.js:82 frame sent: 46
Serializer.js:82 frame sent: 47
Serializer.js:82 frame sent: 48
Serializer.js:82 frame sent: 49
Serializer.js:82 frame sent: 50
Serializer.js:82 frame sent: 51
Serializer.js:82 frame sent: 52
Serializer.js:82 frame sent: 53
Serializer.js:82 frame sent: 54
Serializer.js:82 frame sent: 55
Serializer.js:82 frame sent: 56
Serializer.js:82 frame sent: 57
Serializer.js:82 frame sent: 58
Serializer.js:82 frame sent: 59
Serializer.js:82 frame sent: 60
Serializer.js:82 frame sent: 61
Serializer.js:82 frame sent: 62
Serializer.js:82 frame sent: 63
Serializer.js:82 frame sent: 64
Serializer.js:82 frame sent: 65
Serializer.js:82 frame sent: 66
Serializer.js:82 frame sent: 67
Serializer.js:82 frame sent: 68
Serializer.js:82 frame sent: 69
Serializer.js:82 frame sent: 70
Serializer.js:82 frame sent: 71
Serializer.js:82 frame sent: 72
Serializer.js:82 frame sent: 73
Serializer.js:82 frame sent: 74
Serializer.js:82 frame sent: 75
Serializer.js:82 frame sent: 76
Serializer.js:82 frame sent: 77
Serializer.js:82 frame sent: 78
Serializer.js:82 frame sent: 79
Serializer.js:82 frame sent: 80
Serializer.js:82 frame sent: 81
Serializer.js:82 frame sent: 82
Serializer.js:82 frame sent: 83
Serializer.js:82 frame sent: 84
Serializer.js:82 frame sent: 85
Serializer.js:82 frame sent: 86
Serializer.js:82 frame sent: 87
Serializer.js:82 frame sent: 88
Serializer.js:82 frame sent: 89
Serializer.js:82 frame sent: 90
Serializer.js:82 frame sent: 91
Serializer.js:82 frame sent: 92
Serializer.js:82 frame sent: 93
Serializer.js:82 frame sent: 94
Serializer.js:82 frame sent: 95
Serializer.js:82 frame sent: 96
Serializer.js:82 frame sent: 97
Serializer.js:82 frame sent: 98
Serializer.js:82 frame sent: 99
Serializer.js:82 frame sent: 100
Serializer.js:82 frame sent: 101
Serializer.js:82 frame sent: 102
Serializer.js:82 frame sent: 103
Serializer.js:82 frame sent: 104
Serializer.js:82 frame sent: 105
Serializer.js:82 frame sent: 106
Serializer.js:82 frame sent: 107
Serializer.js:82 frame sent: 108
Serializer.js:82 frame sent: 109
Serializer.js:82 frame sent: 110
Serializer.js:82 frame sent: 111
Serializer.js:82 frame sent: 112
Serializer.js:82 frame sent: 113
Serializer.js:82 frame sent: 114
Serializer.js:82 frame sent: 115
Serializer.js:82 frame sent: 116
Serializer.js:82 frame sent: 117
Serializer.js:82 frame sent: 118
Serializer.js:82 frame sent: 119
Serializer.js:82 frame sent: 120
Serializer.js:82 frame sent: 121
Serializer.js:82 frame sent: 122
Serializer.js:82 frame sent: 123
Serializer.js:82 frame sent: 124
Serializer.js:82 frame sent: 125
Serializer.js:82 frame sent: 126
Serializer.js:82 frame sent: 127
Serializer.js:82 frame sent: 128
Serializer.js:82 frame sent: 129
Serializer.js:82 frame sent: 130
Serializer.js:82 frame sent: 131
Serializer.js:82 frame sent: 132
Serializer.js:82 frame sent: 133
Serializer.js:82 frame sent: 134
Serializer.js:82 frame sent: 135
Serializer.js:82 frame sent: 136
Serializer.js:82 frame sent: 137
Serializer.js:82 frame sent: 138
Serializer.js:82 frame sent: 139
Serializer.js:82 frame sent: 140
Serializer.js:82 frame sent: 141
Serializer.js:82 frame sent: 142
Serializer.js:82 frame sent: 143
Serializer.js:82 frame sent: 144
Serializer.js:82 frame sent: 145
Serializer.js:82 frame sent: 146
Serializer.js:82 frame sent: 147
Serializer.js:82 frame sent: 148
Serializer.js:82 frame sent: 149
Serializer.js:82 frame sent: 150
Serializer.js:82 frame sent: 151
Serializer.js:82 frame sent: 152
Serializer.js:82 frame sent: 153
Serializer.js:82 frame sent: 154
Serializer.js:82 frame sent: 155
Serializer.js:82 frame sent: 156
Serializer.js:82 frame sent: 157
Serializer.js:82 frame sent: 158
Serializer.js:82 frame sent: 159
Serializer.js:82 frame sent: 160
Serializer.js:82 frame sent: 161
Serializer.js:82 frame sent: 162
Serializer.js:82 frame sent: 163
Serializer.js:82 frame sent: 164
Serializer.js:82 frame sent: 165
Serializer.js:82 frame sent: 166
Serializer.js:82 frame sent: 167
Serializer.js:82 frame sent: 168
Serializer.js:82 frame sent: 169
Serializer.js:82 frame sent: 170
Serializer.js:82 frame sent: 171
Serializer.js:82 frame sent: 172
Serializer.js:82 frame sent: 173
Serializer.js:82 frame sent: 174
Serializer.js:82 frame sent: 175
Serializer.js:82 frame sent: 176
Serializer.js:7 Uncaught TypeError: Cannot read properties of undefined (reading 'left')
    at cmdToByte (Serializer.js:7:13)
    at CommandSerializer.serialize (Serializer.js:81:35)
    at GameScene.sendClientUpdate (client.js:202:31)
cmdToByte @ Serializer.js:7
serialize @ Serializer.js:81
sendClientUpdate @ client.js:202
setInterval
GameScene @ client.js:39
createSceneFromFunction @ phaser.min.js:1
bootQueue @ phaser.min.js:1
a.emit @ phaser.min.js:1
texturesReady @ phaser.min.js:1
a.emit @ phaser.min.js:1
updatePending @ phaser.min.js:1
a.emit @ phaser.min.js:1
s.onload @ phaser.min.js:1
load
addBase64 @ phaser.min.js:1
boot @ phaser.min.js:1
a.emit @ phaser.min.js:1
boot @ phaser.min.js:1
t.exports @ phaser.min.js:1
initialize @ phaser.min.js:1
(anonymous) @ client.js:566
client.js:111 Player: 1, Frame: 178, X: 183.66860884553, Y: 81.33860884553026
client.js:111 Player: 1, Frame: 179, X: 183.66860884553, Y: 81.33860884553026
client.js:111 Player: 1, Frame: 180, X: 183.66860884553, Y: 81.33860884553026
client.js:460 Player must be at: (106, 2) in frame 0. But server is at 0
client.js:111 Player: 1, Frame: 181, X: 183.66860884553, Y: 81.33860884553026
client.js:111 Player: 1, Frame: 182, X: 183.66860884553, Y: 81.33860884553026
client.js:111 Player: 1, Frame: 183, X: 183.66860884553, Y: 81.33860884553026
client.js:111 Player: 1, Frame: 184, X: 183.66860884553, Y: 81.33860884553026
client.js:111 Player: 1, Frame: 185, X: 183.66860884553, Y: 81.33860884553026
client.js:111 Player: 1, Frame: 186, X: 183.66860884553, Y: 81.33860884553026
client.js:111 Player: 1, Frame: 187, X: 183.66860884553, Y: 81.33860884553026
client.js:111 Player: 1, Frame: 188, X: 183.66860884553, Y: 81.33860884553026
client.js:111 Player: 1, Frame: 189, X: 183.66860884553, Y: 81.33860884553026
client.js:111 Player: 1, Frame: 190, X: 183.66860884553, Y: 81.33860884553026
client.js:111 Player: 1, Frame: 191, X: 183.66860884553, Y: 81.33860884553026
client.js:111 Player: 1, Frame: 192, X: 183.66860884553, Y: 81.33860884553026
client.js:111 Player: 1, Frame: 193, X: 183.66860884553, Y: 81.33860884553026
client.js:111 Player: 1, Frame: 194, X: 183.66860884553, Y: 81.33860884553026
client.js:111 Player: 1, Frame: 195, X: 183.66860884553, Y: 81.33860884553026
client.js:111 Player: 1, Frame: 196, X: 183.66860884553, Y: 81.33860884553026
client.js:111 Player: 1, Frame: 197, X: 183.66860884553, Y: 81.33860884553026
client.js:111 Player: 1, Frame: 198, X: 183.66860884553, Y: 81.33860884553026
client.js:111 Player: 1, Frame: 199, X: 183.66860884553, Y: 81.33860884553026
client.js:111 Player: 1, Frame: 200, X: 183.66860884553, Y: 81.33860884553026
client.js:111 Player: 1, Frame: 201, X: 183.66860884553, Y: 81.33860884553026
client.js:111 Player: 1, Frame: 202, X: 183.66860884553, Y: 81.33860884553026
client.js:111 Player: 1, Frame: 203, X: 183.66860884553, Y: 81.33860884553026
client.js:208 WebSocket connection to 'ws://localhost:8080/' failed: 
netcode @ client.js:208
(anonymous) @ client.js:340
client.js:266 Event{isTrusted: true, type: 'error', target: WebSocket, currentTarget: WebSocket, eventPhase: 2,}
(anonymous) @ client.js:266
error
netcode @ client.js:265
(anonymous) @ client.js:340
setTimeout
reconnectServer @ client.js:337
 WebSocket connection to 'ws://localhost:8080/' failed: 
netcode @ client.js:208
(anonymous) @ client.js:340
 Event{isTrusted: true, type: 'error', target: WebSocket, currentTarget: WebSocket, eventPhase: 2,}
(anonymous) @ client.js:266
error
netcode @ client.js:265
(anonymous) @ client.js:340
setTimeout
reconnectServer @ client.js:337
(anonymous) @ client.js:267
error
netcode @ client.js:265
(anonymous) @ client.js:340
setTimeout
reconnectServer @ client.js:337
 server disconnected!
 WebSocket connection to 'ws://localhost:8080/' failed: 
netcode @ client.js:208
(anonymous) @ client.js:340
 Event{isTrusted: true, type: 'error', target: WebSocket, currentTarget: WebSocket, eventPhase: 2,}
(anonymous) @ client.js:266
error
netcode @ client.js:265
(anonymous) @ client.js:340
setTimeout
reconnectServer @ client.js:337
 server disconnected!
 server disconnected!
 WebSocket connection to 'ws://localhost:8080/' failed: 
netcode @ client.js:208
(anonymous) @ client.js:340
 Event{isTrusted: true, type: 'error', target: WebSocket, currentTarget: WebSocket, eventPhase: 2,}
(anonymous) @ client.js:266
error
netcode @ client.js:265
(anonymous) @ client.js:340
setTimeout
reconnectServer @ client.js:337
(anonymous) @ client.js:267
error
netcode @ client.js:265
(anonymous) @ client.js:340
setTimeout
reconnectServer @ client.js:337
(anonymous) @ client.js:267
error
netcode @ client.js:265
(anonymous) @ client.js:340
setTimeout
reconnectServer @ client.js:337
 server disconnected!
 server disconnected!
