
> server@0.0.1 start
> node ./index.js

server started!
New connection!
CMD_REGISTER
Player 1 must be at (106, 2) in frame 0
[#1] Player "brlebtag"'s buffer is too low for too long!
Player 1 must be at (106, 2) in frame 0
Player 1 must be at (106, 2) in frame 0
[#1] Player "brlebtag" is not responding!
[#1] Player "brlebtag"'s buffer is too low for too long!
Player 1 must be at (106, 2) in frame 0
Player 1 must be at (106, 2) in frame 0
[#1] Player "brlebtag"'s buffer is too low for too long!
Player 1 must be at (106, 2) in frame 0
Player 1 must be at (106, 2) in frame 0
[#1] Player "brlebtag" is not responding!
[#1] Player "brlebtag"'s buffer is too low for too long!
Player 1 must be at (106, 2) in frame 0
Player 1 must be at (106, 2) in frame 0
[#1] Player "brlebtag"'s buffer is too low for too long!
Player 1 must be at (106, 2) in frame 0
